

*******************************************************************************
Tue Mar 12 12:17:48 2024


FIT:    data read from "linearSearch.out" using 1:3
        format = x:z
        #datapoints = 10
        residuals are weighted equally (unit weight)

function used for fitting: f(x)
	f(x) = a*x
fitted parameters initialized with current variable values

iter      chisq       delta/lim  lambda   a            
   0 3.8479297804e+10   0.00e+00  6.20e+04    1.000000e+00
   4 6.7552633506e-01  -4.70e-03  6.20e+00    2.688958e-04

After 4 iterations the fit converged.
final sum of squares of residuals : 0.675526
rel. change during last iteration : -4.6981e-08

degrees of freedom    (FIT_NDF)                        : 9
rms of residuals      (FIT_STDFIT) = sqrt(WSSR/ndf)    : 0.273968
variance of residuals (reduced chisquare) = WSSR/ndf   : 0.0750585

Final set of parameters            Asymptotic Standard Error
=======================            ==========================
a               = 0.000268896      +/- 1.396e-06    (0.5193%)


*******************************************************************************
Tue Mar 12 12:27:18 2024


FIT:    data read from "linearSearch.out" using 1:3
        format = x:z
        x range restricted to [0.00000 : 110000.]
        #datapoints = 10
        residuals are weighted equally (unit weight)

function used for fitting: f(x)
	f(x) = a*x + b
fitted parameters initialized with current variable values

iter      chisq       delta/lim  lambda   a             b            
   0 9.6449549066e+00   0.00e+00  1.18e+01    2.688958e-04   1.000000e+00
   5 5.5161729697e-01  -6.20e-09  1.18e-04    2.654606e-04   2.404667e-01

After 5 iterations the fit converged.
final sum of squares of residuals : 0.551617
rel. change during last iteration : -6.19902e-14

degrees of freedom    (FIT_NDF)                        : 8
rms of residuals      (FIT_STDFIT) = sqrt(WSSR/ndf)    : 0.262587
variance of residuals (reduced chisquare) = WSSR/ndf   : 0.0689522

Final set of parameters            Asymptotic Standard Error
=======================            ==========================
a               = 0.000265461      +/- 2.891e-06    (1.089%)
b               = 0.240467         +/- 0.1794       (74.6%)

correlation matrix of the fit parameters:
                a      b      
a               1.000 
b              -0.886  1.000 


*******************************************************************************
Tue Mar 12 12:28:04 2024


FIT:    data read from "linearSearch.out" using 1:4
        format = x:z
        x range restricted to [0.00000 : 110000.]
        #datapoints = 10
        residuals are weighted equally (unit weight)

function used for fitting: g(x)
	g(x) = c*x+d
fitted parameters initialized with current variable values

iter      chisq       delta/lim  lambda   c             d            
   0 3.8489818655e+10   0.00e+00  4.39e+04    1.000000e+00   1.000000e+00
   8 1.1859731879e+00  -1.23e-04  4.39e-04    1.378388e-04   6.076667e-01

After 8 iterations the fit converged.
final sum of squares of residuals : 1.18597
rel. change during last iteration : -1.22969e-09

degrees of freedom    (FIT_NDF)                        : 8
rms of residuals      (FIT_STDFIT) = sqrt(WSSR/ndf)    : 0.385028
variance of residuals (reduced chisquare) = WSSR/ndf   : 0.148247

Final set of parameters            Asymptotic Standard Error
=======================            ==========================
c               = 0.000137839      +/- 4.239e-06    (3.075%)
d               = 0.607667         +/- 0.263        (43.28%)

correlation matrix of the fit parameters:
                c      d      
c               1.000 
d              -0.886  1.000 


*******************************************************************************
Tue Mar 12 12:31:56 2024


FIT:    data read from "linearSearch.out" using 1:3
        format = x:z
        x range restricted to [0.00000 : 110000.]
        #datapoints = 10
        residuals are weighted equally (unit weight)

function used for fitting: f(x)
	f(x) = a*x+b
fitted parameters initialized with current variable values

iter      chisq       delta/lim  lambda   a             b            
   0 5.5161729697e-01   0.00e+00  1.16e+01    2.654606e-04   2.404667e-01
   1 5.5161729697e-01   0.00e+00  1.16e+01    2.654606e-04   2.404667e-01

After 1 iterations the fit converged.
final sum of squares of residuals : 0.551617
rel. change during last iteration : 0

degrees of freedom    (FIT_NDF)                        : 8
rms of residuals      (FIT_STDFIT) = sqrt(WSSR/ndf)    : 0.262587
variance of residuals (reduced chisquare) = WSSR/ndf   : 0.0689522

Final set of parameters            Asymptotic Standard Error
=======================            ==========================
a               = 0.000265461      +/- 2.891e-06    (1.089%)
b               = 0.240467         +/- 0.1794       (74.6%)

correlation matrix of the fit parameters:
                a      b      
a               1.000 
b              -0.886  1.000 


*******************************************************************************
Tue Mar 12 12:32:00 2024


FIT:    data read from "linearSearch.out" using 1:4
        format = x:z
        x range restricted to [0.00000 : 110000.]
        #datapoints = 10
        residuals are weighted equally (unit weight)

function used for fitting: g(x)
	g(x) = c*x+d
fitted parameters initialized with current variable values

iter      chisq       delta/lim  lambda   c             d            
   0 1.1859731879e+00   0.00e+00  6.06e+00    1.378388e-04   6.076667e-01
   1 1.1859731879e+00  -3.74e-11  6.06e-01    1.378388e-04   6.076667e-01

After 1 iterations the fit converged.
final sum of squares of residuals : 1.18597
rel. change during last iteration : -3.74451e-16

degrees of freedom    (FIT_NDF)                        : 8
rms of residuals      (FIT_STDFIT) = sqrt(WSSR/ndf)    : 0.385028
variance of residuals (reduced chisquare) = WSSR/ndf   : 0.148247

Final set of parameters            Asymptotic Standard Error
=======================            ==========================
c               = 0.000137839      +/- 4.239e-06    (3.075%)
d               = 0.607667         +/- 0.263        (43.28%)

correlation matrix of the fit parameters:
                c      d      
c               1.000 
d              -0.886  1.000 
