

*******************************************************************************
Sun Apr 14 22:50:18 2024


FIT:    data read from "linearSearch.out" using 1:3
        format = x:z
        #datapoints = 10
        residuals are weighted equally (unit weight)

function used for fitting: f(x)
	f(x) = a*x
fitted parameters initialized with current variable values

iter      chisq       delta/lim  lambda   a            
   0 3.8486931429e+10   0.00e+00  6.20e+04    1.000000e+00
   4 1.2348981558e-01  -2.57e-02  6.20e+00    1.697361e-04

After 4 iterations the fit converged.
final sum of squares of residuals : 0.12349
rel. change during last iteration : -2.57051e-07

degrees of freedom    (FIT_NDF)                        : 9
rms of residuals      (FIT_STDFIT) = sqrt(WSSR/ndf)    : 0.117137
variance of residuals (reduced chisquare) = WSSR/ndf   : 0.0137211

Final set of parameters            Asymptotic Standard Error
=======================            ==========================
a               = 0.000169736      +/- 5.97e-07     (0.3517%)


*******************************************************************************
Sun Apr 14 22:55:24 2024


FIT:    data read from "linearSearch.out" using 1:3
        format = x:z
        x range restricted to [0.00000 : 110000.]
        #datapoints = 10
        residuals are weighted equally (unit weight)

function used for fitting: f(x)
	f(x) = a*x+b
fitted parameters initialized with current variable values

iter      chisq       delta/lim  lambda   a             b            
   0 9.2912041014e+00   0.00e+00  7.48e+00    1.697361e-04   1.000000e+00
   4 4.2674872727e-02  -8.87e-01  7.48e-04    1.669618e-04   1.942000e-01

After 4 iterations the fit converged.
final sum of squares of residuals : 0.0426749
rel. change during last iteration : -8.87072e-06

degrees of freedom    (FIT_NDF)                        : 8
rms of residuals      (FIT_STDFIT) = sqrt(WSSR/ndf)    : 0.0730367
variance of residuals (reduced chisquare) = WSSR/ndf   : 0.00533436

Final set of parameters            Asymptotic Standard Error
=======================            ==========================
a               = 0.000166962      +/- 8.041e-07    (0.4816%)
b               = 0.1942           +/- 0.04989      (25.69%)

correlation matrix of the fit parameters:
                a      b      
a               1.000 
b              -0.886  1.000 


*******************************************************************************
Mon Apr 15 08:19:28 2024


FIT:    data read from "linearSearch.out" using 1:3
        format = x:z
        #datapoints = 10
        residuals are weighted equally (unit weight)

function used for fitting: f(x)
	f(x) = a * x
fitted parameters initialized with current variable values

iter      chisq       delta/lim  lambda   a            
   0 3.8486931429e+10   0.00e+00  6.20e+04    1.000000e+00
   4 1.2348981558e-01  -2.57e-02  6.20e+00    1.697361e-04

After 4 iterations the fit converged.
final sum of squares of residuals : 0.12349
rel. change during last iteration : -2.57051e-07

degrees of freedom    (FIT_NDF)                        : 9
rms of residuals      (FIT_STDFIT) = sqrt(WSSR/ndf)    : 0.117137
variance of residuals (reduced chisquare) = WSSR/ndf   : 0.0137211

Final set of parameters            Asymptotic Standard Error
=======================            ==========================
a               = 0.000169736      +/- 5.97e-07     (0.3517%)


*******************************************************************************
Mon Apr 15 08:27:33 2024


FIT:    data read from "linearSearch.out" using 1:3
        format = x:z
        x range restricted to [0.00000 : 110000.]
        #datapoints = 10
        residuals are weighted equally (unit weight)

function used for fitting: f(x)
	f(x) = a*x + b
fitted parameters initialized with current variable values

iter      chisq       delta/lim  lambda   a             b            
   0 3.8488031252e+10   0.00e+00  4.39e+04    1.000000e+00   1.000000e+00
   8 4.2674872727e-02  -1.44e-02  4.39e-04    1.669618e-04   1.942000e-01

After 8 iterations the fit converged.
final sum of squares of residuals : 0.0426749
rel. change during last iteration : -1.44164e-07

degrees of freedom    (FIT_NDF)                        : 8
rms of residuals      (FIT_STDFIT) = sqrt(WSSR/ndf)    : 0.0730367
variance of residuals (reduced chisquare) = WSSR/ndf   : 0.00533436

Final set of parameters            Asymptotic Standard Error
=======================            ==========================
a               = 0.000166962      +/- 8.041e-07    (0.4816%)
b               = 0.1942           +/- 0.04989      (25.69%)

correlation matrix of the fit parameters:
                a      b      
a               1.000 
b              -0.886  1.000 


*******************************************************************************
Mon Apr 15 08:28:50 2024


FIT:    data read from "linearSearch.out" using 1:4
        format = x:z
        x range restricted to [0.00000 : 110000.]
        #datapoints = 10
        residuals are weighted equally (unit weight)

function used for fitting: g(x)
	g(x) = c*x + d
fitted parameters initialized with current variable values

iter      chisq       delta/lim  lambda   c             d            
   0 3.8494293515e+10   0.00e+00  4.39e+04    1.000000e+00   1.000000e+00
   8 1.8212648970e+00  -4.46e-04  4.39e-04    8.733394e-05   7.453333e-02

After 8 iterations the fit converged.
final sum of squares of residuals : 1.82126
rel. change during last iteration : -4.4558e-09

degrees of freedom    (FIT_NDF)                        : 8
rms of residuals      (FIT_STDFIT) = sqrt(WSSR/ndf)    : 0.477135
variance of residuals (reduced chisquare) = WSSR/ndf   : 0.227658

Final set of parameters            Asymptotic Standard Error
=======================            ==========================
c               = 8.73339e-05      +/- 5.253e-06    (6.015%)
d               = 0.0745333        +/- 0.3259       (437.3%)

correlation matrix of the fit parameters:
                c      d      
c               1.000 
d              -0.886  1.000 


*******************************************************************************
Mon Apr 15 08:33:55 2024


FIT:    data read from "linearSearch.out" using 1:3
        format = x:z
        x range restricted to [0.00000 : 110000.]
        #datapoints = 10
        residuals are weighted equally (unit weight)

function used for fitting: f(x)
	f(x) = a*x+b
fitted parameters initialized with current variable values

iter      chisq       delta/lim  lambda   a             b            
   0 4.2674872727e-02   0.00e+00  7.33e+00    1.669618e-04   1.942000e-01
   1 4.2674872727e-02  -2.60e-10  7.33e-01    1.669618e-04   1.942000e-01

After 1 iterations the fit converged.
final sum of squares of residuals : 0.0426749
rel. change during last iteration : -2.60158e-15

degrees of freedom    (FIT_NDF)                        : 8
rms of residuals      (FIT_STDFIT) = sqrt(WSSR/ndf)    : 0.0730367
variance of residuals (reduced chisquare) = WSSR/ndf   : 0.00533436

Final set of parameters            Asymptotic Standard Error
=======================            ==========================
a               = 0.000166962      +/- 8.041e-07    (0.4816%)
b               = 0.1942           +/- 0.04989      (25.69%)

correlation matrix of the fit parameters:
                a      b      
a               1.000 
b              -0.886  1.000 


*******************************************************************************
Mon Apr 15 08:33:56 2024


FIT:    data read from "linearSearch.out" using 1:4
        format = x:z
        x range restricted to [0.00000 : 110000.]
        #datapoints = 10
        residuals are weighted equally (unit weight)

function used for fitting: g(x)
	g(x) = c*x+d
fitted parameters initialized with current variable values

iter      chisq       delta/lim  lambda   c             d            
   0 1.8212648970e+00   0.00e+00  3.83e+00    8.733394e-05   7.453333e-02
   1 1.8212648970e+00  -1.10e-10  3.83e-01    8.733394e-05   7.453333e-02

After 1 iterations the fit converged.
final sum of squares of residuals : 1.82126
rel. change during last iteration : -1.09726e-15

degrees of freedom    (FIT_NDF)                        : 8
rms of residuals      (FIT_STDFIT) = sqrt(WSSR/ndf)    : 0.477135
variance of residuals (reduced chisquare) = WSSR/ndf   : 0.227658

Final set of parameters            Asymptotic Standard Error
=======================            ==========================
c               = 8.73339e-05      +/- 5.253e-06    (6.015%)
d               = 0.0745333        +/- 0.3259       (437.3%)

correlation matrix of the fit parameters:
                c      d      
c               1.000 
d              -0.886  1.000 


*******************************************************************************
Mon Apr 15 09:01:50 2024


FIT:    data read from "selectionSort.out" using 1:2
        format = x:z
        x range restricted to [0.00000 : 11000.0]
        #datapoints = 10
        residuals are weighted equally (unit weight)

function used for fitting: f(x)
	f(x) = a**x+b*x+c
fitted parameters initialized with current variable values



*******************************************************************************
Mon Apr 15 09:02:07 2024


FIT:    data read from "selectionSort.out" using 1:2
        format = x:z
        x range restricted to [0.00000 : 11000.0]
        #datapoints = 10
        residuals are weighted equally (unit weight)

function used for fitting: f(x)
	f(x) = a**x+b*x+c
fitted parameters initialized with current variable values

iter      chisq       delta/lim  lambda   a             b             c            
   0 1.5166793400e+08   0.00e+00  4.30e+06    1.000000e+00   1.000000e+00   1.000000e+00
8604 5.1053127832e+06  -1.00e+00  4.30e-21    1.000850e+00   1.686260e+00  -2.722139e+03

After 8604 iterations the fit converged.
final sum of squares of residuals : 5.10531e+06
rel. change during last iteration : -9.99945e-06

degrees of freedom    (FIT_NDF)                        : 7
rms of residuals      (FIT_STDFIT) = sqrt(WSSR/ndf)    : 854.008
variance of residuals (reduced chisquare) = WSSR/ndf   : 729330

Final set of parameters            Asymptotic Standard Error
=======================            ==========================
a               = 1.00085          +/- 1.063e-08    (1.062e-06%)
b               = 1.68626          +/- 0.1174       (6.965%)
c               = -2722.14         +/- 635.7        (23.35%)

correlation matrix of the fit parameters:
                a      b      c      
a               1.000 
b              -0.599  1.000 
c               0.397 -0.889  1.000 


*******************************************************************************
Mon Apr 15 09:02:54 2024


FIT:    data read from "selectionSort.out" using 1:2
        format = x:z
        x range restricted to [0.00000 : 11000.0]
        #datapoints = 10
        residuals are weighted equally (unit weight)

function used for fitting: f(x)
	f(x) = a**x+b*x+c
fitted parameters initialized with current variable values

iter      chisq       delta/lim  lambda   a             b             c            
   0 5.1053127832e+06   0.00e+00  1.98e+10    1.000850e+00   1.686260e+00  -2.722139e+03
   7 5.1049447173e+06  -8.30e-01  1.98e+03    1.000850e+00   1.686256e+00  -2.722140e+03

After 7 iterations the fit converged.
final sum of squares of residuals : 5.10494e+06
rel. change during last iteration : -8.30264e-06

degrees of freedom    (FIT_NDF)                        : 7
rms of residuals      (FIT_STDFIT) = sqrt(WSSR/ndf)    : 853.978
variance of residuals (reduced chisquare) = WSSR/ndf   : 729278

Final set of parameters            Asymptotic Standard Error
=======================            ==========================
a               = 1.00085          +/- 1.062e-08    (1.062e-06%)
b               = 1.68626          +/- 0.1174       (6.965%)
c               = -2722.14         +/- 635.7        (23.35%)

correlation matrix of the fit parameters:
                a      b      c      
a               1.000 
b              -0.599  1.000 
c               0.397 -0.889  1.000 


*******************************************************************************
Mon Apr 15 09:03:20 2024


FIT:    data read from "selectionSort.out" using 1:2
        format = x:z
        x range restricted to [0.00000 : 11000.0]
        #datapoints = 10
        residuals are weighted equally (unit weight)

function used for fitting: f(x)
	f(x) = a**x+b*x+c
fitted parameters initialized with current variable values

iter      chisq       delta/lim  lambda   a             b             c            
   0 5.1049447173e+06   0.00e+00  1.98e+10    1.000850e+00   1.686256e+00  -2.722140e+03
   7 5.1045824264e+06  -7.46e-01  1.98e+03    1.000850e+00   1.686251e+00  -2.722140e+03

After 7 iterations the fit converged.
final sum of squares of residuals : 5.10458e+06
rel. change during last iteration : -7.46433e-06

degrees of freedom    (FIT_NDF)                        : 7
rms of residuals      (FIT_STDFIT) = sqrt(WSSR/ndf)    : 853.947
variance of residuals (reduced chisquare) = WSSR/ndf   : 729226

Final set of parameters            Asymptotic Standard Error
=======================            ==========================
a               = 1.00085          +/- 1.062e-08    (1.061e-06%)
b               = 1.68625          +/- 0.1174       (6.964%)
c               = -2722.14         +/- 635.6        (23.35%)

correlation matrix of the fit parameters:
                a      b      c      
a               1.000 
b              -0.599  1.000 
c               0.397 -0.889  1.000 


*******************************************************************************
Mon Apr 15 09:03:50 2024


FIT:    data read from "selectionSort.out" using 1:2
        format = x:z
        x range restricted to [0.00000 : 11000.0]
        #datapoints = 10
        residuals are weighted equally (unit weight)

function used for fitting: f(x)
	f(x) = a**x+b*x+c
fitted parameters initialized with current variable values

iter      chisq       delta/lim  lambda   a             b             c            
   0 5.1045824264e+06   0.00e+00  1.98e+10    1.000850e+00   1.686251e+00  -2.722140e+03
   7 5.1042231183e+06  -7.15e-01  1.98e+03    1.000850e+00   1.686246e+00  -2.722139e+03

After 7 iterations the fit converged.
final sum of squares of residuals : 5.10422e+06
rel. change during last iteration : -7.14695e-06

degrees of freedom    (FIT_NDF)                        : 7
rms of residuals      (FIT_STDFIT) = sqrt(WSSR/ndf)    : 853.917
variance of residuals (reduced chisquare) = WSSR/ndf   : 729175

Final set of parameters            Asymptotic Standard Error
=======================            ==========================
a               = 1.00085          +/- 1.062e-08    (1.061e-06%)
b               = 1.68625          +/- 0.1174       (6.964%)
c               = -2722.14         +/- 635.6        (23.35%)

correlation matrix of the fit parameters:
                a      b      c      
a               1.000 
b              -0.599  1.000 
c               0.397 -0.889  1.000 


*******************************************************************************
Mon Apr 15 09:09:43 2024


FIT:    data read from "selectionSort.out" using 1:2
        format = x:z
        x range restricted to [0.00000 : 11000.0]
        #datapoints = 10
        residuals are weighted equally (unit weight)

function used for fitting: f(x)
	f(x) = a*x*x + b*x + c
fitted parameters initialized with current variable values

iter      chisq       delta/lim  lambda   a             b             c            
   0 2.5374476748e+16   0.00e+00  2.91e+07    1.000850e+00   1.686246e+00  -2.722139e+03
   8 1.2380153804e+03  -6.28e-03  2.91e-01    1.850285e-04   4.762068e-02   3.582763e+01

After 8 iterations the fit converged.
final sum of squares of residuals : 1238.02
rel. change during last iteration : -6.27533e-08

degrees of freedom    (FIT_NDF)                        : 7
rms of residuals      (FIT_STDFIT) = sqrt(WSSR/ndf)    : 13.2988
variance of residuals (reduced chisquare) = WSSR/ndf   : 176.859

Final set of parameters            Asymptotic Standard Error
=======================            ==========================
a               = 0.000185029      +/- 5.788e-07    (0.3128%)
b               = 0.0476207        +/- 0.006533     (13.72%)
c               = 35.8276          +/- 15.64        (43.66%)

correlation matrix of the fit parameters:
                a      b      c      
a               1.000 
b              -0.975  1.000 
c               0.814 -0.909  1.000 


*******************************************************************************
Mon Apr 15 09:11:10 2024


FIT:    data read from "selectionSort.out" using 1:2
        format = x:z
        x range restricted to [0.00000 : 11000.0]
        #datapoints = 10
        residuals are weighted equally (unit weight)

function used for fitting: f(x)
	f(x) = a*x*x + b*x + c
fitted parameters initialized with current variable values

iter      chisq       delta/lim  lambda   a             b             c            
   0 1.2380153804e+03   0.00e+00  5.38e+03    1.850285e-04   4.762068e-02   3.582763e+01
   1 1.2380153804e+03  -5.71e-09  5.38e+02    1.850285e-04   4.762068e-02   3.582763e+01

After 1 iterations the fit converged.
final sum of squares of residuals : 1238.02
rel. change during last iteration : -5.71182e-14

degrees of freedom    (FIT_NDF)                        : 7
rms of residuals      (FIT_STDFIT) = sqrt(WSSR/ndf)    : 13.2988
variance of residuals (reduced chisquare) = WSSR/ndf   : 176.859

Final set of parameters            Asymptotic Standard Error
=======================            ==========================
a               = 0.000185029      +/- 5.788e-07    (0.3128%)
b               = 0.0476207        +/- 0.006533     (13.72%)
c               = 35.8276          +/- 15.64        (43.66%)

correlation matrix of the fit parameters:
                a      b      c      
a               1.000 
b              -0.975  1.000 
c               0.814 -0.909  1.000 


*******************************************************************************
Mon Apr 15 09:11:54 2024


FIT:    data read from "selectionSort.out" using 1:2
        format = x:z
        x range restricted to [0.00000 : 11000.0]
        #datapoints = 10
        residuals are weighted equally (unit weight)

function used for fitting: f(x)
	f(x) = a*x*x + b*x + c
fitted parameters initialized with current variable values

iter      chisq       delta/lim  lambda   a             b             c            
   0 1.2380153804e+03   0.00e+00  5.38e+03    1.850285e-04   4.762068e-02   3.582763e+01
   1 1.2380153804e+03  -4.22e-10  5.38e+03    1.850285e-04   4.762068e-02   3.582763e+01

After 1 iterations the fit converged.
final sum of squares of residuals : 1238.02
rel. change during last iteration : -4.22418e-15

degrees of freedom    (FIT_NDF)                        : 7
rms of residuals      (FIT_STDFIT) = sqrt(WSSR/ndf)    : 13.2988
variance of residuals (reduced chisquare) = WSSR/ndf   : 176.859

Final set of parameters            Asymptotic Standard Error
=======================            ==========================
a               = 0.000185029      +/- 5.788e-07    (0.3128%)
b               = 0.0476207        +/- 0.006533     (13.72%)
c               = 35.8276          +/- 15.64        (43.66%)

correlation matrix of the fit parameters:
                a      b      c      
a               1.000 
b              -0.975  1.000 
c               0.814 -0.909  1.000 


*******************************************************************************
Mon Apr 15 09:12:21 2024


FIT:    data read from "selectionSort.out" using 1:2
        format = x:z
        x range restricted to [0.00000 : 11000.0]
        #datapoints = 10
        residuals are weighted equally (unit weight)

function used for fitting: f(x)
	f(x) = a*x*x + b*x + c
fitted parameters initialized with current variable values

iter      chisq       delta/lim  lambda   a             b             c            
   0 1.2380153804e+03   0.00e+00  5.38e+03    1.850285e-04   4.762068e-02   3.582763e+01
   1 1.2380153804e+03   0.00e+00  5.38e+04    1.850285e-04   4.762068e-02   3.582763e+01

After 1 iterations the fit converged.
final sum of squares of residuals : 1238.02
rel. change during last iteration : 0

degrees of freedom    (FIT_NDF)                        : 7
rms of residuals      (FIT_STDFIT) = sqrt(WSSR/ndf)    : 13.2988
variance of residuals (reduced chisquare) = WSSR/ndf   : 176.859

Final set of parameters            Asymptotic Standard Error
=======================            ==========================
a               = 0.000185029      +/- 5.788e-07    (0.3128%)
b               = 0.0476207        +/- 0.006533     (13.72%)
c               = 35.8276          +/- 15.64        (43.66%)

correlation matrix of the fit parameters:
                a      b      c      
a               1.000 
b              -0.975  1.000 
c               0.814 -0.909  1.000 


*******************************************************************************
Mon Apr 15 09:12:38 2024


FIT:    data read from "selectionSort.out" using 1:2
        format = x:z
        x range restricted to [0.00000 : 11000.0]
        #datapoints = 10
        residuals are weighted equally (unit weight)

function used for fitting: f(x)
	f(x) = a*x*x + b*x + c
fitted parameters initialized with current variable values

iter      chisq       delta/lim  lambda   a             b             c            
   0 1.2380153804e+03   0.00e+00  5.38e+03    1.850285e-04   4.762068e-02   3.582763e+01
   1 1.2380153804e+03   0.00e+00  5.38e+04    1.850285e-04   4.762068e-02   3.582763e+01

After 1 iterations the fit converged.
final sum of squares of residuals : 1238.02
rel. change during last iteration : 0

degrees of freedom    (FIT_NDF)                        : 7
rms of residuals      (FIT_STDFIT) = sqrt(WSSR/ndf)    : 13.2988
variance of residuals (reduced chisquare) = WSSR/ndf   : 176.859

Final set of parameters            Asymptotic Standard Error
=======================            ==========================
a               = 0.000185029      +/- 5.788e-07    (0.3128%)
b               = 0.0476207        +/- 0.006533     (13.72%)
c               = 35.8276          +/- 15.64        (43.66%)

correlation matrix of the fit parameters:
                a      b      c      
a               1.000 
b              -0.975  1.000 
c               0.814 -0.909  1.000 


*******************************************************************************
Mon Apr 15 09:12:56 2024


FIT:    data read from "selectionSort.out" using 1:2
        format = x:z
        x range restricted to [0.00000 : 11000.0]
        #datapoints = 10
        residuals are weighted equally (unit weight)

function used for fitting: f(x)
	f(x) = a*x*x + b*x + c
fitted parameters initialized with current variable values

iter      chisq       delta/lim  lambda   a             b             c            
   0 1.2380153804e+03   0.00e+00  5.38e+03    1.850285e-04   4.762068e-02   3.582763e+01
   1 1.2380153804e+03   0.00e+00  5.38e+04    1.850285e-04   4.762068e-02   3.582763e+01

After 1 iterations the fit converged.
final sum of squares of residuals : 1238.02
rel. change during last iteration : 0

degrees of freedom    (FIT_NDF)                        : 7
rms of residuals      (FIT_STDFIT) = sqrt(WSSR/ndf)    : 13.2988
variance of residuals (reduced chisquare) = WSSR/ndf   : 176.859

Final set of parameters            Asymptotic Standard Error
=======================            ==========================
a               = 0.000185029      +/- 5.788e-07    (0.3128%)
b               = 0.0476207        +/- 0.006533     (13.72%)
c               = 35.8276          +/- 15.64        (43.66%)

correlation matrix of the fit parameters:
                a      b      c      
a               1.000 
b              -0.975  1.000 
c               0.814 -0.909  1.000 


*******************************************************************************
Mon Apr 15 09:13:11 2024


FIT:    data read from "selectionSort.out" using 1:2
        format = x:z
        x range restricted to [0.00000 : 11000.0]
        #datapoints = 10
        residuals are weighted equally (unit weight)

function used for fitting: f(x)
	f(x) = a*x*x + b*x + c
fitted parameters initialized with current variable values

iter      chisq       delta/lim  lambda   a             b             c            
   0 1.2380153804e+03   0.00e+00  5.38e+03    1.850285e-04   4.762068e-02   3.582763e+01
   1 1.2380153804e+03   0.00e+00  5.38e+04    1.850285e-04   4.762068e-02   3.582763e+01

After 1 iterations the fit converged.
final sum of squares of residuals : 1238.02
rel. change during last iteration : 0

degrees of freedom    (FIT_NDF)                        : 7
rms of residuals      (FIT_STDFIT) = sqrt(WSSR/ndf)    : 13.2988
variance of residuals (reduced chisquare) = WSSR/ndf   : 176.859

Final set of parameters            Asymptotic Standard Error
=======================            ==========================
a               = 0.000185029      +/- 5.788e-07    (0.3128%)
b               = 0.0476207        +/- 0.006533     (13.72%)
c               = 35.8276          +/- 15.64        (43.66%)

correlation matrix of the fit parameters:
                a      b      c      
a               1.000 
b              -0.975  1.000 
c               0.814 -0.909  1.000 


*******************************************************************************
Mon Apr 15 09:40:51 2024


FIT:    data read from "insertionSort.out" using 1:2
        format = x:z
        x range restricted to [0.00000 : 110000.]
        #datapoints = 10
        residuals are weighted equally (unit weight)

function used for fitting: f(x)
	f(x) = a*x + b
fitted parameters initialized with current variable values

iter      chisq       delta/lim  lambda   a             b            
   0 1.5089200737e+02   0.00e+00  8.13e-01    1.850285e-04   4.762068e-02
   4 9.3436363636e-04  -1.62e-01  8.13e-05    8.097273e-04   5.700000e-02

After 4 iterations the fit converged.
final sum of squares of residuals : 0.000934364
rel. change during last iteration : -1.61987e-06

degrees of freedom    (FIT_NDF)                        : 8
rms of residuals      (FIT_STDFIT) = sqrt(WSSR/ndf)    : 0.0108072
variance of residuals (reduced chisquare) = WSSR/ndf   : 0.000116795

Final set of parameters            Asymptotic Standard Error
=======================            ==========================
a               = 0.000809727      +/- 1.19e-06     (0.1469%)
b               = 0.057            +/- 0.007383     (12.95%)

correlation matrix of the fit parameters:
                a      b      
a               1.000 
b              -0.886  1.000 


*******************************************************************************
Mon Apr 15 09:40:52 2024


FIT:    data read from "insertionSort.out" using 1:3
        format = x:z
        x range restricted to [0.00000 : 110000.]
        #datapoints = 10
        residuals are weighted equally (unit weight)

function used for fitting: g(x)
	g(x) = c*x*x + d*x + e
fitted parameters initialized with current variable values

iter      chisq       delta/lim  lambda   c             d             e            
   0 3.2517949780e+19   0.00e+00  1.04e+09    3.582763e+01   1.000000e+00   1.000000e+00
  13 6.3641484915e+01  -4.34e-08  1.04e-04    1.063145e-04   8.406098e-03   5.143767e+00

After 13 iterations the fit converged.
final sum of squares of residuals : 63.6415
rel. change during last iteration : -4.33863e-13

degrees of freedom    (FIT_NDF)                        : 7
rms of residuals      (FIT_STDFIT) = sqrt(WSSR/ndf)    : 3.01523
variance of residuals (reduced chisquare) = WSSR/ndf   : 9.09164

Final set of parameters            Asymptotic Standard Error
=======================            ==========================
c               = 0.000106314      +/- 1.312e-07    (0.1234%)
d               = 0.0084061        +/- 0.001481     (17.62%)
e               = 5.14377          +/- 3.546        (68.95%)

correlation matrix of the fit parameters:
                c      d      e      
c               1.000 
d              -0.975  1.000 
e               0.814 -0.909  1.000 


*******************************************************************************
Mon Apr 15 09:40:52 2024


FIT:    data read from "insertionSort.out" using 1:4
        format = x:z
        x range restricted to [0.00000 : 110000.]
        #datapoints = 10
        residuals are weighted equally (unit weight)

function used for fitting: h(x)
	h(x) = i*x*x + j*x + k
fitted parameters initialized with current variable values

iter      chisq       delta/lim  lambda   i             j             k            
   0 2.5336290978e+16   0.00e+00  2.91e+07    1.000000e+00   1.000000e+00   1.000000e+00
  11 5.9748626780e+01  -2.72e-03  2.91e-04    5.430341e-05  -4.077538e-04   1.435375e+01

After 11 iterations the fit converged.
final sum of squares of residuals : 59.7486
rel. change during last iteration : -2.72191e-08

degrees of freedom    (FIT_NDF)                        : 7
rms of residuals      (FIT_STDFIT) = sqrt(WSSR/ndf)    : 2.92156
variance of residuals (reduced chisquare) = WSSR/ndf   : 8.53552

Final set of parameters            Asymptotic Standard Error
=======================            ==========================
i               = 5.43034e-05      +/- 1.271e-07    (0.2341%)
j               = -0.000407754     +/- 0.001435     (352%)
k               = 14.3537          +/- 3.436        (23.94%)

correlation matrix of the fit parameters:
                i      j      k      
i               1.000 
j              -0.975  1.000 
k               0.814 -0.909  1.000 


*******************************************************************************
Mon Apr 15 09:41:29 2024


FIT:    data read from "insertionSort.out" using 1:2
        format = x:z
        x range restricted to [0.00000 : 110000.]
        #datapoints = 10
        residuals are weighted equally (unit weight)

function used for fitting: f(x)
	f(x) = a*x + b
fitted parameters initialized with current variable values

iter      chisq       delta/lim  lambda   a             b            
   0 9.3436363636e-04   0.00e+00  3.55e+00    8.097273e-04   5.700000e-02
   1 9.3436363636e-04   0.00e+00  3.55e+02    8.097273e-04   5.700000e-02

After 1 iterations the fit converged.
final sum of squares of residuals : 0.000934364
rel. change during last iteration : 0

degrees of freedom    (FIT_NDF)                        : 8
rms of residuals      (FIT_STDFIT) = sqrt(WSSR/ndf)    : 0.0108072
variance of residuals (reduced chisquare) = WSSR/ndf   : 0.000116795

Final set of parameters            Asymptotic Standard Error
=======================            ==========================
a               = 0.000809727      +/- 1.19e-06     (0.1469%)
b               = 0.057            +/- 0.007383     (12.95%)

correlation matrix of the fit parameters:
                a      b      
a               1.000 
b              -0.886  1.000 


*******************************************************************************
Mon Apr 15 09:41:30 2024


FIT:    data read from "insertionSort.out" using 1:3
        format = x:z
        x range restricted to [0.00000 : 110000.]
        #datapoints = 10
        residuals are weighted equally (unit weight)

function used for fitting: g(x)
	g(x) = c*x*x + d*x + e
fitted parameters initialized with current variable values

iter      chisq       delta/lim  lambda   c             d             e            
   0 6.3641484915e+01   0.00e+00  3.09e+03    1.063145e-04   8.406098e-03   5.143767e+00
   1 6.3641484915e+01   0.00e+00  3.09e+03    1.063145e-04   8.406098e-03   5.143767e+00

After 1 iterations the fit converged.
final sum of squares of residuals : 63.6415
rel. change during last iteration : 0

degrees of freedom    (FIT_NDF)                        : 7
rms of residuals      (FIT_STDFIT) = sqrt(WSSR/ndf)    : 3.01523
variance of residuals (reduced chisquare) = WSSR/ndf   : 9.09164

Final set of parameters            Asymptotic Standard Error
=======================            ==========================
c               = 0.000106314      +/- 1.312e-07    (0.1234%)
d               = 0.0084061        +/- 0.001481     (17.62%)
e               = 5.14377          +/- 3.546        (68.95%)

correlation matrix of the fit parameters:
                c      d      e      
c               1.000 
d              -0.975  1.000 
e               0.814 -0.909  1.000 


*******************************************************************************
Mon Apr 15 09:41:31 2024


FIT:    data read from "insertionSort.out" using 1:4
        format = x:z
        x range restricted to [0.00000 : 110000.]
        #datapoints = 10
        residuals are weighted equally (unit weight)

function used for fitting: h(x)
	h(x) = i*x*x + j*x + k
fitted parameters initialized with current variable values

iter      chisq       delta/lim  lambda   i             j             k            
   0 5.9748626780e+01   0.00e+00  1.58e+03    5.430341e-05  -4.077538e-04   1.435375e+01
   1 5.9748626780e+01  -3.73e-09  1.58e+02    5.430341e-05  -4.077538e-04   1.435375e+01

After 1 iterations the fit converged.
final sum of squares of residuals : 59.7486
rel. change during last iteration : -3.73415e-14

degrees of freedom    (FIT_NDF)                        : 7
rms of residuals      (FIT_STDFIT) = sqrt(WSSR/ndf)    : 2.92156
variance of residuals (reduced chisquare) = WSSR/ndf   : 8.53552

Final set of parameters            Asymptotic Standard Error
=======================            ==========================
i               = 5.43034e-05      +/- 1.271e-07    (0.2341%)
j               = -0.000407754     +/- 0.001435     (352%)
k               = 14.3537          +/- 3.436        (23.94%)

correlation matrix of the fit parameters:
                i      j      k      
i               1.000 
j              -0.975  1.000 
k               0.814 -0.909  1.000 


*******************************************************************************
Mon Apr 15 09:42:23 2024


FIT:    data read from "insertionSort.out" using 1:2
        format = x:z
        x range restricted to [0.00000 : 11000.0]
        #datapoints = 10
        residuals are weighted equally (unit weight)

function used for fitting: f(x)
	f(x) = a*x + b
fitted parameters initialized with current variable values

iter      chisq       delta/lim  lambda   a             b            
   0 9.3436363636e-04   0.00e+00  3.55e+00    8.097273e-04   5.700000e-02
   1 9.3436363636e-04   0.00e+00  3.55e+02    8.097273e-04   5.700000e-02

After 1 iterations the fit converged.
final sum of squares of residuals : 0.000934364
rel. change during last iteration : 0

degrees of freedom    (FIT_NDF)                        : 8
rms of residuals      (FIT_STDFIT) = sqrt(WSSR/ndf)    : 0.0108072
variance of residuals (reduced chisquare) = WSSR/ndf   : 0.000116795

Final set of parameters            Asymptotic Standard Error
=======================            ==========================
a               = 0.000809727      +/- 1.19e-06     (0.1469%)
b               = 0.057            +/- 0.007383     (12.95%)

correlation matrix of the fit parameters:
                a      b      
a               1.000 
b              -0.886  1.000 


*******************************************************************************
Mon Apr 15 09:42:26 2024


FIT:    data read from "insertionSort.out" using 1:3
        format = x:z
        x range restricted to [0.00000 : 11000.0]
        #datapoints = 10
        residuals are weighted equally (unit weight)

function used for fitting: g(x)
	g(x) = c*x*x + d*x + e
fitted parameters initialized with current variable values

iter      chisq       delta/lim  lambda   c             d             e            
   0 6.3641484915e+01   0.00e+00  3.09e+03    1.063145e-04   8.406098e-03   5.143767e+00
   1 6.3641484915e+01   0.00e+00  3.09e+03    1.063145e-04   8.406098e-03   5.143767e+00

After 1 iterations the fit converged.
final sum of squares of residuals : 63.6415
rel. change during last iteration : 0

degrees of freedom    (FIT_NDF)                        : 7
rms of residuals      (FIT_STDFIT) = sqrt(WSSR/ndf)    : 3.01523
variance of residuals (reduced chisquare) = WSSR/ndf   : 9.09164

Final set of parameters            Asymptotic Standard Error
=======================            ==========================
c               = 0.000106314      +/- 1.312e-07    (0.1234%)
d               = 0.0084061        +/- 0.001481     (17.62%)
e               = 5.14377          +/- 3.546        (68.95%)

correlation matrix of the fit parameters:
                c      d      e      
c               1.000 
d              -0.975  1.000 
e               0.814 -0.909  1.000 


*******************************************************************************
Mon Apr 15 09:42:28 2024


FIT:    data read from "insertionSort.out" using 1:4
        format = x:z
        x range restricted to [0.00000 : 11000.0]
        #datapoints = 10
        residuals are weighted equally (unit weight)

function used for fitting: h(x)
	h(x) = i*x*x + j*x + k
fitted parameters initialized with current variable values

iter      chisq       delta/lim  lambda   i             j             k            
   0 5.9748626780e+01   0.00e+00  1.58e+03    5.430341e-05  -4.077538e-04   1.435375e+01
   1 5.9748626780e+01   0.00e+00  1.58e+03    5.430341e-05  -4.077538e-04   1.435375e+01

After 1 iterations the fit converged.
final sum of squares of residuals : 59.7486
rel. change during last iteration : 0

degrees of freedom    (FIT_NDF)                        : 7
rms of residuals      (FIT_STDFIT) = sqrt(WSSR/ndf)    : 2.92156
variance of residuals (reduced chisquare) = WSSR/ndf   : 8.53552

Final set of parameters            Asymptotic Standard Error
=======================            ==========================
i               = 5.43034e-05      +/- 1.271e-07    (0.2341%)
j               = -0.000407754     +/- 0.001435     (352%)
k               = 14.3537          +/- 3.436        (23.94%)

correlation matrix of the fit parameters:
                i      j      k      
i               1.000 
j              -0.975  1.000 
k               0.814 -0.909  1.000 


*******************************************************************************
Mon Apr 15 09:42:51 2024


FIT:    data read from "insertionSort.out" using 1:2
        format = x:z
        x range restricted to [0.00000 : 11000.0]
        #datapoints = 10
        residuals are weighted equally (unit weight)

function used for fitting: f(x)
	f(x) = a*x + b
fitted parameters initialized with current variable values

iter      chisq       delta/lim  lambda   a             b            
   0 9.3436363636e-04   0.00e+00  3.55e+00    8.097273e-04   5.700000e-02
   1 9.3436363636e-04   0.00e+00  3.55e+02    8.097273e-04   5.700000e-02

After 1 iterations the fit converged.
final sum of squares of residuals : 0.000934364
rel. change during last iteration : 0

degrees of freedom    (FIT_NDF)                        : 8
rms of residuals      (FIT_STDFIT) = sqrt(WSSR/ndf)    : 0.0108072
variance of residuals (reduced chisquare) = WSSR/ndf   : 0.000116795

Final set of parameters            Asymptotic Standard Error
=======================            ==========================
a               = 0.000809727      +/- 1.19e-06     (0.1469%)
b               = 0.057            +/- 0.007383     (12.95%)

correlation matrix of the fit parameters:
                a      b      
a               1.000 
b              -0.886  1.000 


*******************************************************************************
Mon Apr 15 09:42:52 2024


FIT:    data read from "insertionSort.out" using 1:3
        format = x:z
        x range restricted to [0.00000 : 11000.0]
        #datapoints = 10
        residuals are weighted equally (unit weight)

function used for fitting: g(x)
	g(x) = c*x*x + d*x + e
fitted parameters initialized with current variable values

iter      chisq       delta/lim  lambda   c             d             e            
   0 6.3641484915e+01   0.00e+00  3.09e+03    1.063145e-04   8.406098e-03   5.143767e+00
   1 6.3641484915e+01   0.00e+00  3.09e+03    1.063145e-04   8.406098e-03   5.143767e+00

After 1 iterations the fit converged.
final sum of squares of residuals : 63.6415
rel. change during last iteration : 0

degrees of freedom    (FIT_NDF)                        : 7
rms of residuals      (FIT_STDFIT) = sqrt(WSSR/ndf)    : 3.01523
variance of residuals (reduced chisquare) = WSSR/ndf   : 9.09164

Final set of parameters            Asymptotic Standard Error
=======================            ==========================
c               = 0.000106314      +/- 1.312e-07    (0.1234%)
d               = 0.0084061        +/- 0.001481     (17.62%)
e               = 5.14377          +/- 3.546        (68.95%)

correlation matrix of the fit parameters:
                c      d      e      
c               1.000 
d              -0.975  1.000 
e               0.814 -0.909  1.000 


*******************************************************************************
Mon Apr 15 09:42:52 2024


FIT:    data read from "insertionSort.out" using 1:4
        format = x:z
        x range restricted to [0.00000 : 11000.0]
        #datapoints = 10
        residuals are weighted equally (unit weight)

function used for fitting: h(x)
	h(x) = i*x*x + j*x + k
fitted parameters initialized with current variable values

iter      chisq       delta/lim  lambda   i             j             k            
   0 5.9748626780e+01   0.00e+00  1.58e+03    5.430341e-05  -4.077538e-04   1.435375e+01
   1 5.9748626780e+01   0.00e+00  1.58e+04    5.430341e-05  -4.077538e-04   1.435375e+01

After 1 iterations the fit converged.
final sum of squares of residuals : 59.7486
rel. change during last iteration : 0

degrees of freedom    (FIT_NDF)                        : 7
rms of residuals      (FIT_STDFIT) = sqrt(WSSR/ndf)    : 2.92156
variance of residuals (reduced chisquare) = WSSR/ndf   : 8.53552

Final set of parameters            Asymptotic Standard Error
=======================            ==========================
i               = 5.43034e-05      +/- 1.271e-07    (0.2341%)
j               = -0.000407754     +/- 0.001435     (352%)
k               = 14.3537          +/- 3.436        (23.94%)

correlation matrix of the fit parameters:
                i      j      k      
i               1.000 
j              -0.975  1.000 
k               0.814 -0.909  1.000 


*******************************************************************************
Mon Apr 15 15:19:01 2024


FIT:    data read from "insertionSort.out" using 1:2
        format = x:z
        x range restricted to [0.00000 : 11000.0]
        #datapoints = 10
        residuals are weighted equally (unit weight)

function used for fitting: f(x)
	f(x) = a*x + b
fitted parameters initialized with current variable values

iter      chisq       delta/lim  lambda   a             b            
   0 3.8448041733e+08   0.00e+00  4.39e+03    1.000000e+00   1.000000e+00
   7 9.3436363636e-04  -9.02e-01  4.39e-04    8.097273e-04   5.700000e-02

After 7 iterations the fit converged.
final sum of squares of residuals : 0.000934364
rel. change during last iteration : -9.01503e-06

degrees of freedom    (FIT_NDF)                        : 8
rms of residuals      (FIT_STDFIT) = sqrt(WSSR/ndf)    : 0.0108072
variance of residuals (reduced chisquare) = WSSR/ndf   : 0.000116795

Final set of parameters            Asymptotic Standard Error
=======================            ==========================
a               = 0.000809727      +/- 1.19e-06     (0.1469%)
b               = 0.057            +/- 0.007383     (12.95%)

correlation matrix of the fit parameters:
                a      b      
a               1.000 
b              -0.886  1.000 


*******************************************************************************
Mon Apr 15 15:19:11 2024


FIT:    data read from "insertionSort.out" using 1:3
        format = x:z
        x range restricted to [0.00000 : 11000.0]
        #datapoints = 10
        residuals are weighted equally (unit weight)

function used for fitting: g(x)
	g(x) = c*x*x + d*x + e
fitted parameters initialized with current variable values

iter      chisq       delta/lim  lambda   c             d             e            
   0 2.5333609451e+16   0.00e+00  2.91e+07    1.000000e+00   1.000000e+00   1.000000e+00
  11 6.3641484915e+01  -2.46e-04  2.91e-04    1.063145e-04   8.406098e-03   5.143767e+00

After 11 iterations the fit converged.
final sum of squares of residuals : 63.6415
rel. change during last iteration : -2.46096e-09

degrees of freedom    (FIT_NDF)                        : 7
rms of residuals      (FIT_STDFIT) = sqrt(WSSR/ndf)    : 3.01523
variance of residuals (reduced chisquare) = WSSR/ndf   : 9.09164

Final set of parameters            Asymptotic Standard Error
=======================            ==========================
c               = 0.000106314      +/- 1.312e-07    (0.1234%)
d               = 0.0084061        +/- 0.001481     (17.62%)
e               = 5.14377          +/- 3.546        (68.95%)

correlation matrix of the fit parameters:
                c      d      e      
c               1.000 
d              -0.975  1.000 
e               0.814 -0.909  1.000 


*******************************************************************************
Mon Apr 15 15:19:13 2024


FIT:    data read from "insertionSort.out" using 1:4
        format = x:z
        x range restricted to [0.00000 : 11000.0]
        #datapoints = 10
        residuals are weighted equally (unit weight)

function used for fitting: h(x)
	h(x) = i*x*x + j*x + k
fitted parameters initialized with current variable values

iter      chisq       delta/lim  lambda   i             j             k            
   0 2.5336290978e+16   0.00e+00  2.91e+07    1.000000e+00   1.000000e+00   1.000000e+00
  11 5.9748626780e+01  -2.72e-03  2.91e-04    5.430341e-05  -4.077538e-04   1.435375e+01

After 11 iterations the fit converged.
final sum of squares of residuals : 59.7486
rel. change during last iteration : -2.72191e-08

degrees of freedom    (FIT_NDF)                        : 7
rms of residuals      (FIT_STDFIT) = sqrt(WSSR/ndf)    : 2.92156
variance of residuals (reduced chisquare) = WSSR/ndf   : 8.53552

Final set of parameters            Asymptotic Standard Error
=======================            ==========================
i               = 5.43034e-05      +/- 1.271e-07    (0.2341%)
j               = -0.000407754     +/- 0.001435     (352%)
k               = 14.3537          +/- 3.436        (23.94%)

correlation matrix of the fit parameters:
                i      j      k      
i               1.000 
j              -0.975  1.000 
k               0.814 -0.909  1.000 
