

*******************************************************************************
Wed Apr 10 09:41:43 2024


FIT:    data read from "linearSearch.out" using 1:3
        format = x:z
        #datapoints = 10
        residuals are weighted equally (unit weight)

function used for fitting: f(x)
	f(x) = a * x
fitted parameters initialized with current variable values

iter      chisq       delta/lim  lambda   a            
   0 3.8485333401e+10   0.00e+00  6.20e+04    1.000000e+00
   4 3.4498703766e+00  -9.20e-04  6.20e+00    1.904935e-04

After 4 iterations the fit converged.
final sum of squares of residuals : 3.44987
rel. change during last iteration : -9.2009e-09

degrees of freedom    (FIT_NDF)                        : 9
rms of residuals      (FIT_STDFIT) = sqrt(WSSR/ndf)    : 0.619128
variance of residuals (reduced chisquare) = WSSR/ndf   : 0.383319

Final set of parameters            Asymptotic Standard Error
=======================            ==========================
a               = 0.000190494      +/- 3.155e-06    (1.656%)


*******************************************************************************
Wed Apr 10 09:48:21 2024


FIT:    data read from "linearSearch.out" using 1:3
        format = x:z
        #datapoints = 10
        residuals are weighted equally (unit weight)

function used for fitting: f(x)
	f(x) = a*x+b
fitted parameters initialized with current variable values

iter      chisq       delta/lim  lambda   a             b            
   0 3.8486433201e+10   0.00e+00  4.39e+04    1.000000e+00   1.000000e+00
   8 3.4453492242e+00  -3.01e-04  4.39e-04    1.911497e-04  -4.593333e-02

After 8 iterations the fit converged.
final sum of squares of residuals : 3.44535
rel. change during last iteration : -3.00853e-09

degrees of freedom    (FIT_NDF)                        : 8
rms of residuals      (FIT_STDFIT) = sqrt(WSSR/ndf)    : 0.656253
variance of residuals (reduced chisquare) = WSSR/ndf   : 0.430669

Final set of parameters            Asymptotic Standard Error
=======================            ==========================
a               = 0.00019115       +/- 7.225e-06    (3.78%)
b               = -0.0459333       +/- 0.4483       (976%)

correlation matrix of the fit parameters:
                a      b      
a               1.000 
b              -0.886  1.000 


*******************************************************************************
Wed Apr 10 09:49:11 2024


FIT:    data read from "linearSearch.out" using 1:4
        format = x:z
        #datapoints = 10
        residuals are weighted equally (unit weight)

function used for fitting: g(x)
	g(x) = c*x+d
fitted parameters initialized with current variable values

iter      chisq       delta/lim  lambda   c             d            
   0 3.8493517675e+10   0.00e+00  4.39e+04    1.000000e+00   1.000000e+00
   8 3.2299447273e-01  -2.28e-03  4.39e-04    9.677818e-05   1.188000e-01

After 8 iterations the fit converged.
final sum of squares of residuals : 0.322994
rel. change during last iteration : -2.27788e-08

degrees of freedom    (FIT_NDF)                        : 8
rms of residuals      (FIT_STDFIT) = sqrt(WSSR/ndf)    : 0.200934
variance of residuals (reduced chisquare) = WSSR/ndf   : 0.0403743

Final set of parameters            Asymptotic Standard Error
=======================            ==========================
c               = 9.67782e-05      +/- 2.212e-06    (2.286%)
d               = 0.1188           +/- 0.1373       (115.5%)

correlation matrix of the fit parameters:
                c      d      
c               1.000 
d              -0.886  1.000 


*******************************************************************************
Wed Apr 10 09:51:26 2024


FIT:    data read from "linearSearch.out" using 1:3
        format = x:z
        x range restricted to [0.00000 : 110000.]
        #datapoints = 10
        residuals are weighted equally (unit weight)

function used for fitting: f(x)
	f(x) = a*x+b
fitted parameters initialized with current variable values

iter      chisq       delta/lim  lambda   a             b            
   0 3.4453492242e+00   0.00e+00  8.39e+00    1.911497e-04  -4.593333e-02
   1 3.4453492242e+00   0.00e+00  8.39e+01    1.911497e-04  -4.593333e-02

After 1 iterations the fit converged.
final sum of squares of residuals : 3.44535
rel. change during last iteration : 0

degrees of freedom    (FIT_NDF)                        : 8
rms of residuals      (FIT_STDFIT) = sqrt(WSSR/ndf)    : 0.656253
variance of residuals (reduced chisquare) = WSSR/ndf   : 0.430669

Final set of parameters            Asymptotic Standard Error
=======================            ==========================
a               = 0.00019115       +/- 7.225e-06    (3.78%)
b               = -0.0459333       +/- 0.4483       (976%)

correlation matrix of the fit parameters:
                a      b      
a               1.000 
b              -0.886  1.000 


*******************************************************************************
Wed Apr 10 09:51:37 2024


FIT:    data read from "linearSearch.out" using 1:4
        format = x:z
        x range restricted to [0.00000 : 110000.]
        #datapoints = 10
        residuals are weighted equally (unit weight)

function used for fitting: g(x)
	g(x) = c*x+d
fitted parameters initialized with current variable values

iter      chisq       delta/lim  lambda   c             d            
   0 3.2299447273e-01   0.00e+00  4.25e+00    9.677818e-05   1.188000e-01
   1 3.2299447273e-01   0.00e+00  4.25e+02    9.677818e-05   1.188000e-01

After 1 iterations the fit converged.
final sum of squares of residuals : 0.322994
rel. change during last iteration : 0

degrees of freedom    (FIT_NDF)                        : 8
rms of residuals      (FIT_STDFIT) = sqrt(WSSR/ndf)    : 0.200934
variance of residuals (reduced chisquare) = WSSR/ndf   : 0.0403743

Final set of parameters            Asymptotic Standard Error
=======================            ==========================
c               = 9.67782e-05      +/- 2.212e-06    (2.286%)
d               = 0.1188           +/- 0.1373       (115.5%)

correlation matrix of the fit parameters:
                c      d      
c               1.000 
d              -0.886  1.000 


*******************************************************************************
Wed Apr 10 10:38:50 2024


FIT:    data read from "linearSearch.out" using 1:3
        format = x:z
        x range restricted to [0.00000 : 110000.]
        #datapoints = 10
        residuals are weighted equally (unit weight)

function used for fitting: f(x)
	f(x) = a*x+b
fitted parameters initialized with current variable values

iter      chisq       delta/lim  lambda   a             b            
   0 3.4453492242e+00   0.00e+00  8.39e+00    1.911497e-04  -4.593333e-02
   1 3.4453492242e+00   0.00e+00  8.39e+01    1.911497e-04  -4.593333e-02

After 1 iterations the fit converged.
final sum of squares of residuals : 3.44535
rel. change during last iteration : 0

degrees of freedom    (FIT_NDF)                        : 8
rms of residuals      (FIT_STDFIT) = sqrt(WSSR/ndf)    : 0.656253
variance of residuals (reduced chisquare) = WSSR/ndf   : 0.430669

Final set of parameters            Asymptotic Standard Error
=======================            ==========================
a               = 0.00019115       +/- 7.225e-06    (3.78%)
b               = -0.0459333       +/- 0.4483       (976%)

correlation matrix of the fit parameters:
                a      b      
a               1.000 
b              -0.886  1.000 


*******************************************************************************
Wed Apr 10 10:38:50 2024


FIT:    data read from "linearSearch.out" using 1:4
        format = x:z
        x range restricted to [0.00000 : 110000.]
        #datapoints = 10
        residuals are weighted equally (unit weight)

function used for fitting: g(x)
	g(x) = c*x+d
fitted parameters initialized with current variable values

iter      chisq       delta/lim  lambda   c             d            
   0 3.2299447273e-01   0.00e+00  4.25e+00    9.677818e-05   1.188000e-01
   1 3.2299447273e-01   0.00e+00  4.25e+02    9.677818e-05   1.188000e-01

After 1 iterations the fit converged.
final sum of squares of residuals : 0.322994
rel. change during last iteration : 0

degrees of freedom    (FIT_NDF)                        : 8
rms of residuals      (FIT_STDFIT) = sqrt(WSSR/ndf)    : 0.200934
variance of residuals (reduced chisquare) = WSSR/ndf   : 0.0403743

Final set of parameters            Asymptotic Standard Error
=======================            ==========================
c               = 9.67782e-05      +/- 2.212e-06    (2.286%)
d               = 0.1188           +/- 0.1373       (115.5%)

correlation matrix of the fit parameters:
                c      d      
c               1.000 
d              -0.886  1.000 


*******************************************************************************
Wed Apr 10 10:39:57 2024


FIT:    data read from "selectionSort.out" using 1:3
        format = x:z
        x range restricted to [0.00000 : 110000.]
BREAK: No data to fit

*******************************************************************************
Wed Apr 10 10:39:58 2024


FIT:    data read from "selectionSort.out" using 1:4
        format = x:z
        x range restricted to [0.00000 : 110000.]
BREAK: No data to fit

*******************************************************************************
Wed Apr 10 10:40:18 2024


FIT:    data read from "selectionSort.out" using 1:3
        format = x:z
        x range restricted to [0.00000 : 110000.]
BREAK: No data to fit

*******************************************************************************
Wed Apr 10 10:40:19 2024


FIT:    data read from "selectionSort.out" using 1:4
        format = x:z
        x range restricted to [0.00000 : 110000.]
BREAK: No data to fit

*******************************************************************************
Wed Apr 10 10:40:49 2024


FIT:    data read from "selectionSort.out" using 1:3
        format = x:z
        x range restricted to [0.00000 : 10000.0]
BREAK: No data to fit

*******************************************************************************
Wed Apr 10 10:40:51 2024


FIT:    data read from "selectionSort.out" using 1:4
        format = x:z
        x range restricted to [0.00000 : 10000.0]
BREAK: No data to fit

*******************************************************************************
Wed Apr 10 10:42:08 2024


FIT:    data read from "selectionSort.out" using 1:2
        format = x:z
        x range restricted to [0.00000 : 10000.0]
        #datapoints = 10
        residuals are weighted equally (unit weight)

function used for fitting: f(x)
	f(x) = a*x*x + b*x + c
fitted parameters initialized with current variable values

iter      chisq       delta/lim  lambda   a             b             c            
   0 1.2554865461e+06   0.00e+00  5.56e+03    1.911497e-04  -4.593333e-02   9.677818e-05
   5 3.2652227784e+04  -1.27e-03  5.56e-02    1.814101e-04   8.341758e-02   9.597013e-05

After 5 iterations the fit converged.
final sum of squares of residuals : 32652.2
rel. change during last iteration : -1.27485e-08

degrees of freedom    (FIT_NDF)                        : 7
rms of residuals      (FIT_STDFIT) = sqrt(WSSR/ndf)    : 68.2979
variance of residuals (reduced chisquare) = WSSR/ndf   : 4664.6

Final set of parameters            Asymptotic Standard Error
=======================            ==========================
a               = 0.00018141       +/- 2.972e-06    (1.638%)
b               = 0.0834176        +/- 0.03355      (40.22%)
c               = 9.59701e-05      +/- 80.33        (8.37e+07%)

correlation matrix of the fit parameters:
                a      b      c      
a               1.000 
b              -0.975  1.000 
c               0.814 -0.909  1.000 


*******************************************************************************
Wed Apr 10 10:43:07 2024


FIT:    data read from "selectionSort.out" using 1:2
        format = x:z
        x range restricted to [0.00000 : 10000.0]
        #datapoints = 10
        residuals are weighted equally (unit weight)

function used for fitting: f(x)
	f(x) = a*x*x + b*x + c
fitted parameters initialized with current variable values

iter      chisq       delta/lim  lambda   a             b             c            
   0 3.2652227784e+04   0.00e+00  5.28e+03    1.814101e-04   8.341758e-02   9.597013e-05
   1 3.2652227784e+04   0.00e+00  5.28e+05    1.814101e-04   8.341758e-02   9.597013e-05

After 1 iterations the fit converged.
final sum of squares of residuals : 32652.2
rel. change during last iteration : 0

degrees of freedom    (FIT_NDF)                        : 7
rms of residuals      (FIT_STDFIT) = sqrt(WSSR/ndf)    : 68.2979
variance of residuals (reduced chisquare) = WSSR/ndf   : 4664.6

Final set of parameters            Asymptotic Standard Error
=======================            ==========================
a               = 0.00018141       +/- 2.972e-06    (1.638%)
b               = 0.0834176        +/- 0.03355      (40.22%)
c               = 9.59701e-05      +/- 80.33        (8.37e+07%)

correlation matrix of the fit parameters:
                a      b      c      
a               1.000 
b              -0.975  1.000 
c               0.814 -0.909  1.000 


*******************************************************************************
Wed Apr 10 10:45:35 2024


FIT:    data read from "selectionSort.out" using 1:2
        format = x:z
        x range restricted to [0.00000 : 10000.0]
        #datapoints = 10
        residuals are weighted equally (unit weight)

function used for fitting: f(x)
	f(x) = a*x*x + b*x + c
fitted parameters initialized with current variable values

iter      chisq       delta/lim  lambda   a             b             c            
   0 3.2652227784e+04   0.00e+00  5.28e+03    1.814101e-04   8.341758e-02   9.597013e-05
   1 3.2652227784e+04   0.00e+00  5.28e+05    1.814101e-04   8.341758e-02   9.597013e-05

After 1 iterations the fit converged.
final sum of squares of residuals : 32652.2
rel. change during last iteration : 0

degrees of freedom    (FIT_NDF)                        : 7
rms of residuals      (FIT_STDFIT) = sqrt(WSSR/ndf)    : 68.2979
variance of residuals (reduced chisquare) = WSSR/ndf   : 4664.6

Final set of parameters            Asymptotic Standard Error
=======================            ==========================
a               = 0.00018141       +/- 2.972e-06    (1.638%)
b               = 0.0834176        +/- 0.03355      (40.22%)
c               = 9.59701e-05      +/- 80.33        (8.37e+07%)

correlation matrix of the fit parameters:
                a      b      c      
a               1.000 
b              -0.975  1.000 
c               0.814 -0.909  1.000 


*******************************************************************************
Wed Apr 10 10:46:07 2024


FIT:    data read from "selectionSort.out" using 1:2
        format = x:z
        x range restricted to [0.00000 : 10000.0]
        #datapoints = 10
        residuals are weighted equally (unit weight)

function used for fitting: f(x)
	f(x) = a*x*x + b*x + c
fitted parameters initialized with current variable values

iter      chisq       delta/lim  lambda   a             b             c            
   0 3.2652227784e+04   0.00e+00  5.28e+03    1.814101e-04   8.341758e-02   9.597013e-05
   1 3.2652227784e+04   0.00e+00  5.28e+05    1.814101e-04   8.341758e-02   9.597013e-05

After 1 iterations the fit converged.
final sum of squares of residuals : 32652.2
rel. change during last iteration : 0

degrees of freedom    (FIT_NDF)                        : 7
rms of residuals      (FIT_STDFIT) = sqrt(WSSR/ndf)    : 68.2979
variance of residuals (reduced chisquare) = WSSR/ndf   : 4664.6

Final set of parameters            Asymptotic Standard Error
=======================            ==========================
a               = 0.00018141       +/- 2.972e-06    (1.638%)
b               = 0.0834176        +/- 0.03355      (40.22%)
c               = 9.59701e-05      +/- 80.33        (8.37e+07%)

correlation matrix of the fit parameters:
                a      b      c      
a               1.000 
b              -0.975  1.000 
c               0.814 -0.909  1.000 


*******************************************************************************
Wed Apr 10 10:47:17 2024


FIT:    data read from "selectionSort.out" using 1:2
        format = x:z
        x range restricted to [0.00000 : 10000.0]
        #datapoints = 10
        residuals are weighted equally (unit weight)

function used for fitting: f(x)
	f(x) = a*x*x + b*x + c
fitted parameters initialized with current variable values

iter      chisq       delta/lim  lambda   a             b             c            
   0 3.2652227784e+04   0.00e+00  5.28e+03    1.814101e-04   8.341758e-02   9.597013e-05
   1 3.2652227784e+04   0.00e+00  5.28e+05    1.814101e-04   8.341758e-02   9.597013e-05

After 1 iterations the fit converged.
final sum of squares of residuals : 32652.2
rel. change during last iteration : 0

degrees of freedom    (FIT_NDF)                        : 7
rms of residuals      (FIT_STDFIT) = sqrt(WSSR/ndf)    : 68.2979
variance of residuals (reduced chisquare) = WSSR/ndf   : 4664.6

Final set of parameters            Asymptotic Standard Error
=======================            ==========================
a               = 0.00018141       +/- 2.972e-06    (1.638%)
b               = 0.0834176        +/- 0.03355      (40.22%)
c               = 9.59701e-05      +/- 80.33        (8.37e+07%)

correlation matrix of the fit parameters:
                a      b      c      
a               1.000 
b              -0.975  1.000 
c               0.814 -0.909  1.000 


*******************************************************************************
Wed Apr 10 11:13:00 2024


FIT:    data read from "insertionSort.out" using 1:3
        format = x:z
        x range restricted to [0.00000 : 110000.]
        #datapoints = 10
        residuals are weighted equally (unit weight)

function used for fitting: f(x)
	f(x) = a*x*x + b*x + c
fitted parameters initialized with current variable values

iter      chisq       delta/lim  lambda   a             b             c            
   0 1.5630331889e+08   0.00e+00  5.28e+03    1.814101e-04   8.341758e-02   9.597013e-05
   5 4.5691576999e+02  -3.23e-03  5.28e-02    1.120150e-04   7.050724e-03   9.646186e-05

After 5 iterations the fit converged.
final sum of squares of residuals : 456.916
rel. change during last iteration : -3.22891e-08

degrees of freedom    (FIT_NDF)                        : 7
rms of residuals      (FIT_STDFIT) = sqrt(WSSR/ndf)    : 8.07921
variance of residuals (reduced chisquare) = WSSR/ndf   : 65.2737

Final set of parameters            Asymptotic Standard Error
=======================            ==========================
a               = 0.000112015      +/- 3.516e-07    (0.3139%)
b               = 0.00705072       +/- 0.003969     (56.29%)
c               = 9.64619e-05      +/- 9.502        (9.851e+06%)

correlation matrix of the fit parameters:
                a      b      c      
a               1.000 
b              -0.975  1.000 
c               0.814 -0.909  1.000 


*******************************************************************************
Wed Apr 10 11:13:01 2024


FIT:    data read from "insertionSort.out" using 1:4
        format = x:z
        x range restricted to [0.00000 : 110000.]
        #datapoints = 10
        residuals are weighted equally (unit weight)

function used for fitting: g(x)
	g(x) = a*x*x + b*x + c
fitted parameters initialized with current variable values

iter      chisq       delta/lim  lambda   a             b             c            
   0 7.8503463070e+07   0.00e+00  3.26e+03    1.120150e-04   7.050724e-03   9.646186e-05
   6 1.7736486577e+02  -8.58e-01  3.26e-03    5.559859e-05   1.332657e-02   1.790333e-04

After 6 iterations the fit converged.
final sum of squares of residuals : 177.365
rel. change during last iteration : -8.58065e-06

degrees of freedom    (FIT_NDF)                        : 7
rms of residuals      (FIT_STDFIT) = sqrt(WSSR/ndf)    : 5.03367
variance of residuals (reduced chisquare) = WSSR/ndf   : 25.3378

Final set of parameters            Asymptotic Standard Error
=======================            ==========================
a               = 5.55986e-05      +/- 2.191e-07    (0.394%)
b               = 0.0133266        +/- 0.002473     (18.55%)
c               = 0.000179033      +/- 5.92         (3.307e+06%)

correlation matrix of the fit parameters:
                a      b      c      
a               1.000 
b              -0.975  1.000 
c               0.814 -0.909  1.000 


*******************************************************************************
Wed Apr 10 11:13:01 2024


FIT:    data read from "insertionSort.out" using 1:2
        format = x:z
        x range restricted to [0.00000 : 110000.]
        #datapoints = 10
        residuals are weighted equally (unit weight)

function used for fitting: h(x)
	h(x) = a*x + b
fitted parameters initialized with current variable values

iter      chisq       delta/lim  lambda   a             b            
   0 2.1262514941e+02   0.00e+00  2.44e-01    5.559859e-05   1.332657e-02
   5 1.5835151515e-04  -1.44e-06  2.44e-06    8.010424e-04  -2.733333e-03

After 5 iterations the fit converged.
final sum of squares of residuals : 0.000158352
rel. change during last iteration : -1.43797e-11

degrees of freedom    (FIT_NDF)                        : 8
rms of residuals      (FIT_STDFIT) = sqrt(WSSR/ndf)    : 0.00444904
variance of residuals (reduced chisquare) = WSSR/ndf   : 1.97939e-05

Final set of parameters            Asymptotic Standard Error
=======================            ==========================
a               = 0.000801042      +/- 4.898e-07    (0.06115%)
b               = -0.00273333      +/- 0.003039     (111.2%)

correlation matrix of the fit parameters:
                a      b      
a               1.000 
b              -0.886  1.000 


*******************************************************************************
Wed Apr 10 11:13:40 2024


FIT:    data read from "insertionSort.out" using 1:3
        format = x:z
        x range restricted to [0.00000 : 10000.0]
        #datapoints = 10
        residuals are weighted equally (unit weight)

function used for fitting: f(x)
	f(x) = a*x*x + b*x + c
fitted parameters initialized with current variable values

iter      chisq       delta/lim  lambda   a             b             c            
   0 1.1986315345e+10   0.00e+00  2.33e+04    8.010424e-04  -2.733333e-03   1.790333e-04
  12 1.5649479773e+02  -2.66e-06  2.33e-08    1.126290e-04  -6.860697e-04   2.038593e+01

After 12 iterations the fit converged.
final sum of squares of residuals : 156.495
rel. change during last iteration : -2.66178e-11

degrees of freedom    (FIT_NDF)                        : 7
rms of residuals      (FIT_STDFIT) = sqrt(WSSR/ndf)    : 4.72826
variance of residuals (reduced chisquare) = WSSR/ndf   : 22.3564

Final set of parameters            Asymptotic Standard Error
=======================            ==========================
a               = 0.000112629      +/- 2.058e-07    (0.1827%)
b               = -0.00068607      +/- 0.002323     (338.5%)
c               = 20.3859          +/- 5.561        (27.28%)

correlation matrix of the fit parameters:
                a      b      c      
a               1.000 
b              -0.975  1.000 
c               0.814 -0.909  1.000 


*******************************************************************************
Wed Apr 10 11:13:53 2024


FIT:    data read from "insertionSort.out" using 1:4
        format = x:z
        x range restricted to [0.00000 : 10000.0]
        #datapoints = 10
        residuals are weighted equally (unit weight)

function used for fitting: g(x)
	g(x) = a*x*x + b*x + c
fitted parameters initialized with current variable values

iter      chisq       delta/lim  lambda   a             b             c            
   0 7.8503383953e+07   0.00e+00  3.27e+03    1.126290e-04  -6.860697e-04   2.038593e+01
   7 5.7493878708e+01  -3.55e-04  3.27e-04    5.598646e-05   8.439455e-03   1.287735e+01

After 7 iterations the fit converged.
final sum of squares of residuals : 57.4939
rel. change during last iteration : -3.5491e-09

degrees of freedom    (FIT_NDF)                        : 7
rms of residuals      (FIT_STDFIT) = sqrt(WSSR/ndf)    : 2.8659
variance of residuals (reduced chisquare) = WSSR/ndf   : 8.21341

Final set of parameters            Asymptotic Standard Error
=======================            ==========================
a               = 5.59865e-05      +/- 1.247e-07    (0.2228%)
b               = 0.00843946       +/- 0.001408     (16.68%)
c               = 12.8774          +/- 3.371        (26.18%)

correlation matrix of the fit parameters:
                a      b      c      
a               1.000 
b              -0.975  1.000 
c               0.814 -0.909  1.000 


*******************************************************************************
Wed Apr 10 11:14:03 2024


FIT:    data read from "insertionSort.out" using 1:2
        format = x:z
        x range restricted to [0.00000 : 10000.0]
        #datapoints = 10
        residuals are weighted equally (unit weight)

function used for fitting: h(x)
	h(x) = a*x + b
fitted parameters initialized with current variable values

iter      chisq       delta/lim  lambda   a             b            
   0 2.1280245890e+02   0.00e+00  2.46e-01    5.598646e-05   8.439455e-03
   5 1.5835151515e-04  -3.59e-05  2.46e-06    8.010424e-04  -2.733333e-03

After 5 iterations the fit converged.
final sum of squares of residuals : 0.000158352
rel. change during last iteration : -3.5911e-10

degrees of freedom    (FIT_NDF)                        : 8
rms of residuals      (FIT_STDFIT) = sqrt(WSSR/ndf)    : 0.00444904
variance of residuals (reduced chisquare) = WSSR/ndf   : 1.97939e-05

Final set of parameters            Asymptotic Standard Error
=======================            ==========================
a               = 0.000801042      +/- 4.898e-07    (0.06115%)
b               = -0.00273333      +/- 0.003039     (111.2%)

correlation matrix of the fit parameters:
                a      b      
a               1.000 
b              -0.886  1.000 


*******************************************************************************
Wed Apr 10 11:14:22 2024


FIT:    data read from "insertionSort.out" using 1:3
        format = x:z
        x range restricted to [0.00000 : 10000.0]
        #datapoints = 10
        residuals are weighted equally (unit weight)

function used for fitting: f(x)
	f(x) = a*x*x + b*x + c
fitted parameters initialized with current variable values

iter      chisq       delta/lim  lambda   a             b             c            
   0 1.1993134762e+10   0.00e+00  2.33e+04    8.010424e-04  -2.733333e-03   1.287735e+01
   7 1.5649479773e+02  -3.74e-04  2.33e-03    1.126290e-04  -6.860697e-04   2.038593e+01

After 7 iterations the fit converged.
final sum of squares of residuals : 156.495
rel. change during last iteration : -3.73716e-09

degrees of freedom    (FIT_NDF)                        : 7
rms of residuals      (FIT_STDFIT) = sqrt(WSSR/ndf)    : 4.72826
variance of residuals (reduced chisquare) = WSSR/ndf   : 22.3564

Final set of parameters            Asymptotic Standard Error
=======================            ==========================
a               = 0.000112629      +/- 2.058e-07    (0.1827%)
b               = -0.00068607      +/- 0.002323     (338.5%)
c               = 20.3859          +/- 5.561        (27.28%)

correlation matrix of the fit parameters:
                a      b      c      
a               1.000 
b              -0.975  1.000 
c               0.814 -0.909  1.000 


*******************************************************************************
Wed Apr 10 11:14:25 2024


FIT:    data read from "insertionSort.out" using 1:4
        format = x:z
        x range restricted to [0.00000 : 10000.0]
        #datapoints = 10
        residuals are weighted equally (unit weight)

function used for fitting: g(x)
	g(x) = a*x*x + b*x + c
fitted parameters initialized with current variable values

iter      chisq       delta/lim  lambda   a             b             c            
   0 7.8503383953e+07   0.00e+00  3.27e+03    1.126290e-04  -6.860697e-04   2.038593e+01
   7 5.7493878708e+01  -3.55e-04  3.27e-04    5.598646e-05   8.439455e-03   1.287735e+01

After 7 iterations the fit converged.
final sum of squares of residuals : 57.4939
rel. change during last iteration : -3.54929e-09

degrees of freedom    (FIT_NDF)                        : 7
rms of residuals      (FIT_STDFIT) = sqrt(WSSR/ndf)    : 2.8659
variance of residuals (reduced chisquare) = WSSR/ndf   : 8.21341

Final set of parameters            Asymptotic Standard Error
=======================            ==========================
a               = 5.59865e-05      +/- 1.247e-07    (0.2228%)
b               = 0.00843946       +/- 0.001408     (16.68%)
c               = 12.8774          +/- 3.371        (26.18%)

correlation matrix of the fit parameters:
                a      b      c      
a               1.000 
b              -0.975  1.000 
c               0.814 -0.909  1.000 


*******************************************************************************
Wed Apr 10 11:14:30 2024


FIT:    data read from "insertionSort.out" using 1:2
        format = x:z
        x range restricted to [0.00000 : 10000.0]
        #datapoints = 10
        residuals are weighted equally (unit weight)

function used for fitting: h(x)
	h(x) = a*x + b
fitted parameters initialized with current variable values

iter      chisq       delta/lim  lambda   a             b            
   0 2.1280245890e+02   0.00e+00  2.46e-01    5.598646e-05   8.439455e-03
   5 1.5835151515e-04  -3.59e-05  2.46e-06    8.010424e-04  -2.733333e-03

After 5 iterations the fit converged.
final sum of squares of residuals : 0.000158352
rel. change during last iteration : -3.59249e-10

degrees of freedom    (FIT_NDF)                        : 8
rms of residuals      (FIT_STDFIT) = sqrt(WSSR/ndf)    : 0.00444904
variance of residuals (reduced chisquare) = WSSR/ndf   : 1.97939e-05

Final set of parameters            Asymptotic Standard Error
=======================            ==========================
a               = 0.000801042      +/- 4.898e-07    (0.06115%)
b               = -0.00273333      +/- 0.003039     (111.2%)

correlation matrix of the fit parameters:
                a      b      
a               1.000 
b              -0.886  1.000 


*******************************************************************************
Wed Apr 10 11:14:43 2024


FIT:    data read from "insertionSort.out" using 1:3
        format = x:z
        x range restricted to [0.00000 : 10000.0]
        #datapoints = 10
        residuals are weighted equally (unit weight)

function used for fitting: f(x)
	f(x) = a*x*x + b*x + c
fitted parameters initialized with current variable values

iter      chisq       delta/lim  lambda   a             b             c            
   0 1.1993134762e+10   0.00e+00  2.33e+04    8.010424e-04  -2.733333e-03   1.287735e+01
   7 1.5649479773e+02  -3.74e-04  2.33e-03    1.126290e-04  -6.860697e-04   2.038593e+01

After 7 iterations the fit converged.
final sum of squares of residuals : 156.495
rel. change during last iteration : -3.73716e-09

degrees of freedom    (FIT_NDF)                        : 7
rms of residuals      (FIT_STDFIT) = sqrt(WSSR/ndf)    : 4.72826
variance of residuals (reduced chisquare) = WSSR/ndf   : 22.3564

Final set of parameters            Asymptotic Standard Error
=======================            ==========================
a               = 0.000112629      +/- 2.058e-07    (0.1827%)
b               = -0.00068607      +/- 0.002323     (338.5%)
c               = 20.3859          +/- 5.561        (27.28%)

correlation matrix of the fit parameters:
                a      b      c      
a               1.000 
b              -0.975  1.000 
c               0.814 -0.909  1.000 


*******************************************************************************
Wed Apr 10 11:14:44 2024


FIT:    data read from "insertionSort.out" using 1:4
        format = x:z
        x range restricted to [0.00000 : 10000.0]
        #datapoints = 10
        residuals are weighted equally (unit weight)

function used for fitting: g(x)
	g(x) = a*x*x + b*x + c
fitted parameters initialized with current variable values

iter      chisq       delta/lim  lambda   a             b             c            
   0 7.8503383953e+07   0.00e+00  3.27e+03    1.126290e-04  -6.860697e-04   2.038593e+01
   7 5.7493878708e+01  -3.55e-04  3.27e-04    5.598646e-05   8.439455e-03   1.287735e+01

After 7 iterations the fit converged.
final sum of squares of residuals : 57.4939
rel. change during last iteration : -3.54913e-09

degrees of freedom    (FIT_NDF)                        : 7
rms of residuals      (FIT_STDFIT) = sqrt(WSSR/ndf)    : 2.8659
variance of residuals (reduced chisquare) = WSSR/ndf   : 8.21341

Final set of parameters            Asymptotic Standard Error
=======================            ==========================
a               = 5.59865e-05      +/- 1.247e-07    (0.2228%)
b               = 0.00843946       +/- 0.001408     (16.68%)
c               = 12.8774          +/- 3.371        (26.18%)

correlation matrix of the fit parameters:
                a      b      c      
a               1.000 
b              -0.975  1.000 
c               0.814 -0.909  1.000 


*******************************************************************************
Wed Apr 10 11:14:53 2024


FIT:    data read from "insertionSort.out" using 1:2
        format = x:z
        x range restricted to [0.00000 : 10000.0]
        #datapoints = 10
        residuals are weighted equally (unit weight)

function used for fitting: h(x)
	h(x) = a*x + b
fitted parameters initialized with current variable values

iter      chisq       delta/lim  lambda   a             b            
   0 2.1280245890e+02   0.00e+00  2.46e-01    5.598646e-05   8.439455e-03
   5 1.5835151515e-04  -3.59e-05  2.46e-06    8.010424e-04  -2.733333e-03

After 5 iterations the fit converged.
final sum of squares of residuals : 0.000158352
rel. change during last iteration : -3.5905e-10

degrees of freedom    (FIT_NDF)                        : 8
rms of residuals      (FIT_STDFIT) = sqrt(WSSR/ndf)    : 0.00444904
variance of residuals (reduced chisquare) = WSSR/ndf   : 1.97939e-05

Final set of parameters            Asymptotic Standard Error
=======================            ==========================
a               = 0.000801042      +/- 4.898e-07    (0.06115%)
b               = -0.00273333      +/- 0.003039     (111.2%)

correlation matrix of the fit parameters:
                a      b      
a               1.000 
b              -0.886  1.000 


*******************************************************************************
Wed Apr 10 11:15:07 2024


FIT:    data read from "insertionSort.out" using 1:3
        format = x:z
        x range restricted to [0.00000 : 10000.0]
        #datapoints = 10
        residuals are weighted equally (unit weight)

function used for fitting: f(x)
	f(x) = a*x*x + b*x + c
fitted parameters initialized with current variable values

iter      chisq       delta/lim  lambda   a             b             c            
   0 1.1993134762e+10   0.00e+00  2.33e+04    8.010424e-04  -2.733333e-03   1.287735e+01
   7 1.5649479773e+02  -3.74e-04  2.33e-03    1.126290e-04  -6.860697e-04   2.038593e+01

After 7 iterations the fit converged.
final sum of squares of residuals : 156.495
rel. change during last iteration : -3.73721e-09

degrees of freedom    (FIT_NDF)                        : 7
rms of residuals      (FIT_STDFIT) = sqrt(WSSR/ndf)    : 4.72826
variance of residuals (reduced chisquare) = WSSR/ndf   : 22.3564

Final set of parameters            Asymptotic Standard Error
=======================            ==========================
a               = 0.000112629      +/- 2.058e-07    (0.1827%)
b               = -0.00068607      +/- 0.002323     (338.5%)
c               = 20.3859          +/- 5.561        (27.28%)

correlation matrix of the fit parameters:
                a      b      c      
a               1.000 
b              -0.975  1.000 
c               0.814 -0.909  1.000 


*******************************************************************************
Wed Apr 10 11:15:08 2024


FIT:    data read from "insertionSort.out" using 1:4
        format = x:z
        x range restricted to [0.00000 : 10000.0]
        #datapoints = 10
        residuals are weighted equally (unit weight)

function used for fitting: g(x)
	g(x) = a*x*x + b*x + c
fitted parameters initialized with current variable values

iter      chisq       delta/lim  lambda   a             b             c            
   0 7.8503383953e+07   0.00e+00  3.27e+03    1.126290e-04  -6.860697e-04   2.038593e+01
   7 5.7493878708e+01  -3.55e-04  3.27e-04    5.598646e-05   8.439455e-03   1.287735e+01

After 7 iterations the fit converged.
final sum of squares of residuals : 57.4939
rel. change during last iteration : -3.54913e-09

degrees of freedom    (FIT_NDF)                        : 7
rms of residuals      (FIT_STDFIT) = sqrt(WSSR/ndf)    : 2.8659
variance of residuals (reduced chisquare) = WSSR/ndf   : 8.21341

Final set of parameters            Asymptotic Standard Error
=======================            ==========================
a               = 5.59865e-05      +/- 1.247e-07    (0.2228%)
b               = 0.00843946       +/- 0.001408     (16.68%)
c               = 12.8774          +/- 3.371        (26.18%)

correlation matrix of the fit parameters:
                a      b      c      
a               1.000 
b              -0.975  1.000 
c               0.814 -0.909  1.000 


*******************************************************************************
Wed Apr 10 11:15:09 2024


FIT:    data read from "insertionSort.out" using 1:2
        format = x:z
        x range restricted to [0.00000 : 10000.0]
        #datapoints = 10
        residuals are weighted equally (unit weight)

function used for fitting: h(x)
	h(x) = a*x + b
fitted parameters initialized with current variable values

iter      chisq       delta/lim  lambda   a             b            
   0 2.1280245890e+02   0.00e+00  2.46e-01    5.598646e-05   8.439455e-03
   5 1.5835151515e-04  -3.59e-05  2.46e-06    8.010424e-04  -2.733333e-03

After 5 iterations the fit converged.
final sum of squares of residuals : 0.000158352
rel. change during last iteration : -3.59048e-10

degrees of freedom    (FIT_NDF)                        : 8
rms of residuals      (FIT_STDFIT) = sqrt(WSSR/ndf)    : 0.00444904
variance of residuals (reduced chisquare) = WSSR/ndf   : 1.97939e-05

Final set of parameters            Asymptotic Standard Error
=======================            ==========================
a               = 0.000801042      +/- 4.898e-07    (0.06115%)
b               = -0.00273333      +/- 0.003039     (111.2%)

correlation matrix of the fit parameters:
                a      b      
a               1.000 
b              -0.886  1.000 


*******************************************************************************
Wed Apr 10 11:15:28 2024


FIT:    data read from "insertionSort.out" using 1:3
        format = x:z
        x range restricted to [0.00000 : 10000.0]
        #datapoints = 10
        residuals are weighted equally (unit weight)

function used for fitting: f(x)
	f(x) = a*x*x + b*x + c
fitted parameters initialized with current variable values

iter      chisq       delta/lim  lambda   a             b             c            
   0 1.1993134762e+10   0.00e+00  2.33e+04    8.010424e-04  -2.733333e-03   1.287735e+01
   7 1.5649479773e+02  -3.74e-04  2.33e-03    1.126290e-04  -6.860697e-04   2.038593e+01

After 7 iterations the fit converged.
final sum of squares of residuals : 156.495
rel. change during last iteration : -3.73707e-09

degrees of freedom    (FIT_NDF)                        : 7
rms of residuals      (FIT_STDFIT) = sqrt(WSSR/ndf)    : 4.72826
variance of residuals (reduced chisquare) = WSSR/ndf   : 22.3564

Final set of parameters            Asymptotic Standard Error
=======================            ==========================
a               = 0.000112629      +/- 2.058e-07    (0.1827%)
b               = -0.00068607      +/- 0.002323     (338.5%)
c               = 20.3859          +/- 5.561        (27.28%)

correlation matrix of the fit parameters:
                a      b      c      
a               1.000 
b              -0.975  1.000 
c               0.814 -0.909  1.000 


*******************************************************************************
Wed Apr 10 11:15:29 2024


FIT:    data read from "insertionSort.out" using 1:4
        format = x:z
        x range restricted to [0.00000 : 10000.0]
        #datapoints = 10
        residuals are weighted equally (unit weight)

function used for fitting: g(x)
	g(x) = a*x*x + b*x + c
fitted parameters initialized with current variable values

iter      chisq       delta/lim  lambda   a             b             c            
   0 7.8503383953e+07   0.00e+00  3.27e+03    1.126290e-04  -6.860697e-04   2.038593e+01
   7 5.7493878708e+01  -3.55e-04  3.27e-04    5.598646e-05   8.439455e-03   1.287735e+01

After 7 iterations the fit converged.
final sum of squares of residuals : 57.4939
rel. change during last iteration : -3.54917e-09

degrees of freedom    (FIT_NDF)                        : 7
rms of residuals      (FIT_STDFIT) = sqrt(WSSR/ndf)    : 2.8659
variance of residuals (reduced chisquare) = WSSR/ndf   : 8.21341

Final set of parameters            Asymptotic Standard Error
=======================            ==========================
a               = 5.59865e-05      +/- 1.247e-07    (0.2228%)
b               = 0.00843946       +/- 0.001408     (16.68%)
c               = 12.8774          +/- 3.371        (26.18%)

correlation matrix of the fit parameters:
                a      b      c      
a               1.000 
b              -0.975  1.000 
c               0.814 -0.909  1.000 


*******************************************************************************
Wed Apr 10 11:15:30 2024


FIT:    data read from "insertionSort.out" using 1:2
        format = x:z
        x range restricted to [0.00000 : 10000.0]
        #datapoints = 10
        residuals are weighted equally (unit weight)

function used for fitting: h(x)
	h(x) = a*x + b
fitted parameters initialized with current variable values

iter      chisq       delta/lim  lambda   a             b            
   0 2.1280245890e+02   0.00e+00  2.46e-01    5.598646e-05   8.439455e-03
   5 1.5835151515e-04  -3.59e-05  2.46e-06    8.010424e-04  -2.733333e-03

After 5 iterations the fit converged.
final sum of squares of residuals : 0.000158352
rel. change during last iteration : -3.59329e-10

degrees of freedom    (FIT_NDF)                        : 8
rms of residuals      (FIT_STDFIT) = sqrt(WSSR/ndf)    : 0.00444904
variance of residuals (reduced chisquare) = WSSR/ndf   : 1.97939e-05

Final set of parameters            Asymptotic Standard Error
=======================            ==========================
a               = 0.000801042      +/- 4.898e-07    (0.06115%)
b               = -0.00273333      +/- 0.003039     (111.2%)

correlation matrix of the fit parameters:
                a      b      
a               1.000 
b              -0.886  1.000 


*******************************************************************************
Wed Apr 10 11:15:40 2024


FIT:    data read from "insertionSort.out" using 1:3
        format = x:z
        x range restricted to [0.00000 : 10000.0]
        #datapoints = 10
        residuals are weighted equally (unit weight)

function used for fitting: f(x)
	f(x) = a*x*x + b*x + c
fitted parameters initialized with current variable values

iter      chisq       delta/lim  lambda   a             b             c            
   0 1.1993134762e+10   0.00e+00  2.33e+04    8.010424e-04  -2.733333e-03   1.287735e+01
   7 1.5649479773e+02  -3.74e-04  2.33e-03    1.126290e-04  -6.860697e-04   2.038593e+01

After 7 iterations the fit converged.
final sum of squares of residuals : 156.495
rel. change during last iteration : -3.73711e-09

degrees of freedom    (FIT_NDF)                        : 7
rms of residuals      (FIT_STDFIT) = sqrt(WSSR/ndf)    : 4.72826
variance of residuals (reduced chisquare) = WSSR/ndf   : 22.3564

Final set of parameters            Asymptotic Standard Error
=======================            ==========================
a               = 0.000112629      +/- 2.058e-07    (0.1827%)
b               = -0.00068607      +/- 0.002323     (338.5%)
c               = 20.3859          +/- 5.561        (27.28%)

correlation matrix of the fit parameters:
                a      b      c      
a               1.000 
b              -0.975  1.000 
c               0.814 -0.909  1.000 


*******************************************************************************
Wed Apr 10 11:15:46 2024


FIT:    data read from "insertionSort.out" using 1:4
        format = x:z
        x range restricted to [0.00000 : 10000.0]
        #datapoints = 10
        residuals are weighted equally (unit weight)

function used for fitting: g(x)
	g(x) = a*x*x + b*x + c
fitted parameters initialized with current variable values

iter      chisq       delta/lim  lambda   a             b             c            
   0 7.8503383953e+07   0.00e+00  3.27e+03    1.126290e-04  -6.860697e-04   2.038593e+01
   7 5.7493878708e+01  -3.55e-04  3.27e-04    5.598646e-05   8.439455e-03   1.287735e+01

After 7 iterations the fit converged.
final sum of squares of residuals : 57.4939
rel. change during last iteration : -3.54917e-09

degrees of freedom    (FIT_NDF)                        : 7
rms of residuals      (FIT_STDFIT) = sqrt(WSSR/ndf)    : 2.8659
variance of residuals (reduced chisquare) = WSSR/ndf   : 8.21341

Final set of parameters            Asymptotic Standard Error
=======================            ==========================
a               = 5.59865e-05      +/- 1.247e-07    (0.2228%)
b               = 0.00843946       +/- 0.001408     (16.68%)
c               = 12.8774          +/- 3.371        (26.18%)

correlation matrix of the fit parameters:
                a      b      c      
a               1.000 
b              -0.975  1.000 
c               0.814 -0.909  1.000 


*******************************************************************************
Wed Apr 10 11:15:54 2024


FIT:    data read from "insertionSort.out" using 1:2
        format = x:z
        x range restricted to [0.00000 : 10000.0]
        #datapoints = 10
        residuals are weighted equally (unit weight)

function used for fitting: h(x)
	h(x) = a*x + b
fitted parameters initialized with current variable values

iter      chisq       delta/lim  lambda   a             b            
   0 2.1280245890e+02   0.00e+00  2.46e-01    5.598646e-05   8.439455e-03
   5 1.5835151515e-04  -3.59e-05  2.46e-06    8.010424e-04  -2.733333e-03

After 5 iterations the fit converged.
final sum of squares of residuals : 0.000158352
rel. change during last iteration : -3.59223e-10

degrees of freedom    (FIT_NDF)                        : 8
rms of residuals      (FIT_STDFIT) = sqrt(WSSR/ndf)    : 0.00444904
variance of residuals (reduced chisquare) = WSSR/ndf   : 1.97939e-05

Final set of parameters            Asymptotic Standard Error
=======================            ==========================
a               = 0.000801042      +/- 4.898e-07    (0.06115%)
b               = -0.00273333      +/- 0.003039     (111.2%)

correlation matrix of the fit parameters:
                a      b      
a               1.000 
b              -0.886  1.000 


*******************************************************************************
Wed Apr 10 11:16:47 2024


FIT:    data read from "insertionSort.out" using 1:3
        format = x:z
        x range restricted to [0.00000 : 10000.0]
        #datapoints = 10
        residuals are weighted equally (unit weight)

function used for fitting: f(x)
	f(x) = a*x*x + b*x + c
fitted parameters initialized with current variable values

iter      chisq       delta/lim  lambda   a             b             c            
   0 1.1993134762e+10   0.00e+00  2.33e+04    8.010424e-04  -2.733333e-03   1.287735e+01
   7 1.5649479773e+02  -3.74e-04  2.33e-03    1.126290e-04  -6.860697e-04   2.038593e+01

After 7 iterations the fit converged.
final sum of squares of residuals : 156.495
rel. change during last iteration : -3.73725e-09

degrees of freedom    (FIT_NDF)                        : 7
rms of residuals      (FIT_STDFIT) = sqrt(WSSR/ndf)    : 4.72826
variance of residuals (reduced chisquare) = WSSR/ndf   : 22.3564

Final set of parameters            Asymptotic Standard Error
=======================            ==========================
a               = 0.000112629      +/- 2.058e-07    (0.1827%)
b               = -0.00068607      +/- 0.002323     (338.5%)
c               = 20.3859          +/- 5.561        (27.28%)

correlation matrix of the fit parameters:
                a      b      c      
a               1.000 
b              -0.975  1.000 
c               0.814 -0.909  1.000 


*******************************************************************************
Wed Apr 10 11:16:48 2024


FIT:    data read from "insertionSort.out" using 1:4
        format = x:z
        x range restricted to [0.00000 : 10000.0]
        #datapoints = 10
        residuals are weighted equally (unit weight)

function used for fitting: g(x)
	g(x) = d*x*x + e*x + i
fitted parameters initialized with current variable values

iter      chisq       delta/lim  lambda   d             e             i            
   0 3.5791049846e+14   0.00e+00  3.45e+06    1.188000e-01   1.000000e+00   1.000000e+00
  10 5.7493878708e+01  -8.55e-03  3.45e-04    5.598646e-05   8.439455e-03   1.287735e+01

After 10 iterations the fit converged.
final sum of squares of residuals : 57.4939
rel. change during last iteration : -8.54589e-08

degrees of freedom    (FIT_NDF)                        : 7
rms of residuals      (FIT_STDFIT) = sqrt(WSSR/ndf)    : 2.8659
variance of residuals (reduced chisquare) = WSSR/ndf   : 8.21341

Final set of parameters            Asymptotic Standard Error
=======================            ==========================
d               = 5.59865e-05      +/- 1.247e-07    (0.2228%)
e               = 0.00843946       +/- 0.001408     (16.68%)
i               = 12.8773          +/- 3.371        (26.18%)

correlation matrix of the fit parameters:
                d      e      i      
d               1.000 
e              -0.975  1.000 
i               0.814 -0.909  1.000 


*******************************************************************************
Wed Apr 10 11:16:49 2024


FIT:    data read from "insertionSort.out" using 1:2
        format = x:z
        x range restricted to [0.00000 : 10000.0]
        #datapoints = 10
        residuals are weighted equally (unit weight)

function used for fitting: h(x)
	h(x) = j*x + k
fitted parameters initialized with current variable values

iter      chisq       delta/lim  lambda   j             k            
   0 3.8449366674e+08   0.00e+00  4.39e+03    1.000000e+00   1.000000e+00
   8 1.5835151515e-04  -3.20e-09  4.39e-04    8.010424e-04  -2.733333e-03

After 8 iterations the fit converged.
final sum of squares of residuals : 0.000158352
rel. change during last iteration : -3.20088e-14

degrees of freedom    (FIT_NDF)                        : 8
rms of residuals      (FIT_STDFIT) = sqrt(WSSR/ndf)    : 0.00444904
variance of residuals (reduced chisquare) = WSSR/ndf   : 1.97939e-05

Final set of parameters            Asymptotic Standard Error
=======================            ==========================
j               = 0.000801042      +/- 4.898e-07    (0.06115%)
k               = -0.00273333      +/- 0.003039     (111.2%)

correlation matrix of the fit parameters:
                j      k      
j               1.000 
k              -0.886  1.000 


*******************************************************************************
Wed Apr 10 11:17:16 2024


FIT:    data read from "insertionSort.out" using 1:3
        format = x:z
        x range restricted to [0.00000 : 10000.0]
        #datapoints = 10
        residuals are weighted equally (unit weight)

function used for fitting: f(x)
	f(x) = a*x*x + b*x + c
fitted parameters initialized with current variable values

iter      chisq       delta/lim  lambda   a             b             c            
   0 1.5649479773e+02   0.00e+00  3.27e+03    1.126290e-04  -6.860697e-04   2.038593e+01
   1 1.5649479773e+02  -4.50e-09  3.27e+02    1.126290e-04  -6.860697e-04   2.038593e+01

After 1 iterations the fit converged.
final sum of squares of residuals : 156.495
rel. change during last iteration : -4.50404e-14

degrees of freedom    (FIT_NDF)                        : 7
rms of residuals      (FIT_STDFIT) = sqrt(WSSR/ndf)    : 4.72826
variance of residuals (reduced chisquare) = WSSR/ndf   : 22.3564

Final set of parameters            Asymptotic Standard Error
=======================            ==========================
a               = 0.000112629      +/- 2.058e-07    (0.1827%)
b               = -0.00068607      +/- 0.002323     (338.5%)
c               = 20.3859          +/- 5.561        (27.28%)

correlation matrix of the fit parameters:
                a      b      c      
a               1.000 
b              -0.975  1.000 
c               0.814 -0.909  1.000 


*******************************************************************************
Wed Apr 10 11:17:16 2024


FIT:    data read from "insertionSort.out" using 1:4
        format = x:z
        x range restricted to [0.00000 : 10000.0]
        #datapoints = 10
        residuals are weighted equally (unit weight)

function used for fitting: g(x)
	g(x) = d*x*x + e*x + i
fitted parameters initialized with current variable values

iter      chisq       delta/lim  lambda   d             e             i            
   0 5.7493878708e+01   0.00e+00  1.63e+03    5.598646e-05   8.439455e-03   1.287735e+01
   1 5.7493878708e+01  -4.57e-10  1.63e+02    5.598646e-05   8.439455e-03   1.287735e+01

After 1 iterations the fit converged.
final sum of squares of residuals : 57.4939
rel. change during last iteration : -4.57267e-15

degrees of freedom    (FIT_NDF)                        : 7
rms of residuals      (FIT_STDFIT) = sqrt(WSSR/ndf)    : 2.8659
variance of residuals (reduced chisquare) = WSSR/ndf   : 8.21341

Final set of parameters            Asymptotic Standard Error
=======================            ==========================
d               = 5.59865e-05      +/- 1.247e-07    (0.2228%)
e               = 0.00843946       +/- 0.001408     (16.68%)
i               = 12.8773          +/- 3.371        (26.18%)

correlation matrix of the fit parameters:
                d      e      i      
d               1.000 
e              -0.975  1.000 
i               0.814 -0.909  1.000 


*******************************************************************************
Wed Apr 10 11:17:17 2024


FIT:    data read from "insertionSort.out" using 1:2
        format = x:z
        x range restricted to [0.00000 : 10000.0]
        #datapoints = 10
        residuals are weighted equally (unit weight)

function used for fitting: h(x)
	h(x) = j*x + k
fitted parameters initialized with current variable values

iter      chisq       delta/lim  lambda   j             k            
   0 1.5835151515e-04   0.00e+00  3.51e+00    8.010424e-04  -2.733333e-03
   1 1.5835151515e-04   0.00e+00  3.51e+00    8.010424e-04  -2.733333e-03

After 1 iterations the fit converged.
final sum of squares of residuals : 0.000158352
rel. change during last iteration : 0

degrees of freedom    (FIT_NDF)                        : 8
rms of residuals      (FIT_STDFIT) = sqrt(WSSR/ndf)    : 0.00444904
variance of residuals (reduced chisquare) = WSSR/ndf   : 1.97939e-05

Final set of parameters            Asymptotic Standard Error
=======================            ==========================
j               = 0.000801042      +/- 4.898e-07    (0.06115%)
k               = -0.00273333      +/- 0.003039     (111.2%)

correlation matrix of the fit parameters:
                j      k      
j               1.000 
k              -0.886  1.000 


*******************************************************************************
Wed Apr 10 11:18:32 2024


FIT:    data read from "linearSearch.out" using 1:3
        format = x:z
        x range restricted to [0.00000 : 110000.]
        #datapoints = 10
        residuals are weighted equally (unit weight)

function used for fitting: f(x)
	f(x) = a*x+b
fitted parameters initialized with current variable values

iter      chisq       delta/lim  lambda   a             b            
   0 2.3692916279e+02   0.00e+00  4.94e+00    1.126290e-04  -6.860697e-04
   3 3.4497326770e+00  -1.09e-01  4.94e-03    1.905036e-04  -7.048986e-04

After 3 iterations the fit converged.
final sum of squares of residuals : 3.44973
rel. change during last iteration : -1.08823e-06

degrees of freedom    (FIT_NDF)                        : 8
rms of residuals      (FIT_STDFIT) = sqrt(WSSR/ndf)    : 0.656671
variance of residuals (reduced chisquare) = WSSR/ndf   : 0.431217

Final set of parameters            Asymptotic Standard Error
=======================            ==========================
a               = 0.000190504      +/- 7.23e-06     (3.795%)
b               = -0.000704899     +/- 0.4486       (6.364e+04%)

correlation matrix of the fit parameters:
                a      b      
a               1.000 
b              -0.886  1.000 


*******************************************************************************
Wed Apr 10 11:18:36 2024


FIT:    data read from "linearSearch.out" using 1:4
        format = x:z
        x range restricted to [0.00000 : 110000.]
        #datapoints = 10
        residuals are weighted equally (unit weight)

function used for fitting: g(x)
	g(x) = c*x+d
fitted parameters initialized with current variable values

iter      chisq       delta/lim  lambda   c             d            
   0 1.5999917161e+13   0.00e+00  8.94e+05    2.038593e+01   5.598646e-05
   4 3.5320906005e-01  -6.41e-02  8.94e+01    9.847452e-05   5.598646e-05

After 4 iterations the fit converged.
final sum of squares of residuals : 0.353209
rel. change during last iteration : -6.41341e-07

degrees of freedom    (FIT_NDF)                        : 8
rms of residuals      (FIT_STDFIT) = sqrt(WSSR/ndf)    : 0.210122
variance of residuals (reduced chisquare) = WSSR/ndf   : 0.0441511

Final set of parameters            Asymptotic Standard Error
=======================            ==========================
c               = 9.84745e-05      +/- 2.313e-06    (2.349%)
d               = 5.59865e-05      +/- 0.1435       (2.564e+05%)

correlation matrix of the fit parameters:
                c      d      
c               1.000 
d              -0.886  1.000 


*******************************************************************************
Wed Apr 10 11:18:40 2024


FIT:    data read from "linearSearch.out" using 1:3
        format = x:z
        x range restricted to [0.00000 : 110000.]
        #datapoints = 10
        residuals are weighted equally (unit weight)

function used for fitting: f(x)
	f(x) = a*x+b
fitted parameters initialized with current variable values

iter      chisq       delta/lim  lambda   a             b            
   0 3.4497326770e+00   0.00e+00  8.36e+00    1.905036e-04  -7.048986e-04
   1 3.4497326769e+00  -3.87e-06  8.36e-01    1.905036e-04  -7.048993e-04

After 1 iterations the fit converged.
final sum of squares of residuals : 3.44973
rel. change during last iteration : -3.8732e-11

degrees of freedom    (FIT_NDF)                        : 8
rms of residuals      (FIT_STDFIT) = sqrt(WSSR/ndf)    : 0.656671
variance of residuals (reduced chisquare) = WSSR/ndf   : 0.431217

Final set of parameters            Asymptotic Standard Error
=======================            ==========================
a               = 0.000190504      +/- 7.23e-06     (3.795%)
b               = -0.000704899     +/- 0.4486       (6.364e+04%)

correlation matrix of the fit parameters:
                a      b      
a               1.000 
b              -0.886  1.000 


*******************************************************************************
Wed Apr 10 11:18:41 2024


FIT:    data read from "linearSearch.out" using 1:4
        format = x:z
        x range restricted to [0.00000 : 110000.]
        #datapoints = 10
        residuals are weighted equally (unit weight)

function used for fitting: g(x)
	g(x) = c*x+d
fitted parameters initialized with current variable values

iter      chisq       delta/lim  lambda   c             d            
   0 3.5320906005e-01   0.00e+00  4.32e+00    9.847452e-05   5.598646e-05
   1 3.5320906003e-01  -6.16e-06  4.32e-01    9.847452e-05   5.598650e-05

After 1 iterations the fit converged.
final sum of squares of residuals : 0.353209
rel. change during last iteration : -6.156e-11

degrees of freedom    (FIT_NDF)                        : 8
rms of residuals      (FIT_STDFIT) = sqrt(WSSR/ndf)    : 0.210122
variance of residuals (reduced chisquare) = WSSR/ndf   : 0.0441511

Final set of parameters            Asymptotic Standard Error
=======================            ==========================
c               = 9.84745e-05      +/- 2.313e-06    (2.349%)
d               = 5.59865e-05      +/- 0.1435       (2.564e+05%)

correlation matrix of the fit parameters:
                c      d      
c               1.000 
d              -0.886  1.000 


*******************************************************************************
Wed Apr 10 11:19:17 2024


FIT:    data read from "linearSearch.out" using 1:3
        format = x:z
        x range restricted to [0.00000 : 110000.]
        #datapoints = 10
        residuals are weighted equally (unit weight)

function used for fitting: f(x)
	f(x) = a*x+b
fitted parameters initialized with current variable values

iter      chisq       delta/lim  lambda   a             b            
   0 3.4497326769e+00   0.00e+00  8.36e+00    1.905036e-04  -7.048993e-04
   1 3.4497326768e+00  -3.87e-06  8.36e-01    1.905036e-04  -7.049000e-04

After 1 iterations the fit converged.
final sum of squares of residuals : 3.44973
rel. change during last iteration : -3.87298e-11

degrees of freedom    (FIT_NDF)                        : 8
rms of residuals      (FIT_STDFIT) = sqrt(WSSR/ndf)    : 0.656671
variance of residuals (reduced chisquare) = WSSR/ndf   : 0.431217

Final set of parameters            Asymptotic Standard Error
=======================            ==========================
a               = 0.000190504      +/- 7.23e-06     (3.795%)
b               = -0.0007049       +/- 0.4486       (6.364e+04%)

correlation matrix of the fit parameters:
                a      b      
a               1.000 
b              -0.886  1.000 


*******************************************************************************
Wed Apr 10 11:19:18 2024


FIT:    data read from "linearSearch.out" using 1:4
        format = x:z
        x range restricted to [0.00000 : 110000.]
        #datapoints = 10
        residuals are weighted equally (unit weight)

function used for fitting: g(x)
	g(x) = c*x+d
fitted parameters initialized with current variable values

iter      chisq       delta/lim  lambda   c             d            
   0 3.5320906003e-01   0.00e+00  4.32e+00    9.847452e-05   5.598650e-05
   1 3.5320906001e-01  -6.16e-06  4.32e-01    9.847452e-05   5.598654e-05

After 1 iterations the fit converged.
final sum of squares of residuals : 0.353209
rel. change during last iteration : -6.15598e-11

degrees of freedom    (FIT_NDF)                        : 8
rms of residuals      (FIT_STDFIT) = sqrt(WSSR/ndf)    : 0.210122
variance of residuals (reduced chisquare) = WSSR/ndf   : 0.0441511

Final set of parameters            Asymptotic Standard Error
=======================            ==========================
c               = 9.84745e-05      +/- 2.313e-06    (2.349%)
d               = 5.59865e-05      +/- 0.1435       (2.564e+05%)

correlation matrix of the fit parameters:
                c      d      
c               1.000 
d              -0.886  1.000 


*******************************************************************************
Wed Apr 10 11:20:55 2024


FIT:    data read from "selectionSort.out" using 1:2
        format = x:z
        x range restricted to [0.00000 : 10000.0]
        #datapoints = 10
        residuals are weighted equally (unit weight)

function used for fitting: f(x)
	f(x) = a*x*x + b*x + c
fitted parameters initialized with current variable values

iter      chisq       delta/lim  lambda   a             b             c            
   0 2.2391762633e+05   0.00e+00  5.54e+03    1.905036e-04  -7.049000e-04   9.847452e-05
  11 3.1689334242e+04  -5.09e-03  5.54e-08    1.803108e-04   9.726871e-02  -3.649651e+01

After 11 iterations the fit converged.
final sum of squares of residuals : 31689.3
rel. change during last iteration : -5.08883e-08

degrees of freedom    (FIT_NDF)                        : 7
rms of residuals      (FIT_STDFIT) = sqrt(WSSR/ndf)    : 67.2833
variance of residuals (reduced chisquare) = WSSR/ndf   : 4527.05

Final set of parameters            Asymptotic Standard Error
=======================            ==========================
a               = 0.000180311      +/- 2.928e-06    (1.624%)
b               = 0.0972687        +/- 0.03305      (33.98%)
c               = -36.4965         +/- 79.14        (216.8%)

correlation matrix of the fit parameters:
                a      b      c      
a               1.000 
b              -0.975  1.000 
c               0.814 -0.909  1.000 


*******************************************************************************
Mon Apr 15 09:05:24 2024


FIT:    data read from "selectionSort.out" using 1:2
        format = x:z
        x range restricted to [0.00000 : 10000.0]
        #datapoints = 10
        residuals are weighted equally (unit weight)

function used for fitting: f(x)
	f(x) = a*x*x + b*x + c
fitted parameters initialized with current variable values

iter      chisq       delta/lim  lambda   a             b             c            
   0 2.5329354919e+16   0.00e+00  2.91e+07    1.000000e+00   1.000000e+00   1.000000e+00
  11 3.1689334242e+04  -4.05e-05  2.91e-04    1.803108e-04   9.726871e-02  -3.649652e+01

After 11 iterations the fit converged.
final sum of squares of residuals : 31689.3
rel. change during last iteration : -4.04608e-10

degrees of freedom    (FIT_NDF)                        : 7
rms of residuals      (FIT_STDFIT) = sqrt(WSSR/ndf)    : 67.2833
variance of residuals (reduced chisquare) = WSSR/ndf   : 4527.05

Final set of parameters            Asymptotic Standard Error
=======================            ==========================
a               = 0.000180311      +/- 2.928e-06    (1.624%)
b               = 0.0972687        +/- 0.03305      (33.98%)
c               = -36.4965         +/- 79.14        (216.8%)

correlation matrix of the fit parameters:
                a      b      c      
a               1.000 
b              -0.975  1.000 
c               0.814 -0.909  1.000 


*******************************************************************************
Mon Apr 15 09:06:04 2024


FIT:    data read from "selectionSort.out" using 1:2
        format = x:z
        x range restricted to [0.00000 : 10000.0]
        #datapoints = 10
        residuals are weighted equally (unit weight)

function used for fitting: f(x)
	f(x) = a*x*x + b*x + c
fitted parameters initialized with current variable values

iter      chisq       delta/lim  lambda   a             b             c            
   0 3.1689334242e+04   0.00e+00  5.25e+03    1.803108e-04   9.726871e-02  -3.649652e+01
   1 3.1689334242e+04   0.00e+00  5.25e+03    1.803108e-04   9.726871e-02  -3.649652e+01

After 1 iterations the fit converged.
final sum of squares of residuals : 31689.3
rel. change during last iteration : 0

degrees of freedom    (FIT_NDF)                        : 7
rms of residuals      (FIT_STDFIT) = sqrt(WSSR/ndf)    : 67.2833
variance of residuals (reduced chisquare) = WSSR/ndf   : 4527.05

Final set of parameters            Asymptotic Standard Error
=======================            ==========================
a               = 0.000180311      +/- 2.928e-06    (1.624%)
b               = 0.0972687        +/- 0.03305      (33.98%)
c               = -36.4965         +/- 79.14        (216.8%)

correlation matrix of the fit parameters:
                a      b      c      
a               1.000 
b              -0.975  1.000 
c               0.814 -0.909  1.000 
